2015-09-25 11:10:44,865 [ INFO] (TAPFileUpdate.java:80) - customer Program start...  Fri Sep 25 11:10:44 CST 2015
2015-09-25 11:10:45,729 [ INFO] (TAPFileUpdate.java:795) - Execute query  CHARGEAREACONFIG:SELECT CHARGEAREACODE,AREAREFERENCE FROM CHARGEAREACONFIG A 
2015-09-25 11:10:47,908 [ INFO] (TAPFileUpdate.java:293) - Execute query TAPInPartner:SELECT A.NAME,A.FILEPREFIX,A.FILENUMBERLEN,A.LASTPROCESSFILENO FROM TAPINPARTNER A 
2015-09-25 11:10:48,326 [ INFO] (TAPFileUpdate.java:478) - Processing File CDTHAASHKGBM02280.4294967295...
2015-09-25 11:10:48,332 [ INFO] (TAPFileUpdate.java:684) - Execute query  TAPFileID:SELECT TAPFILE_ID.NEXTVAL TAPFILE_ID FROM DUAL
2015-09-25 11:10:48,381 [ INFO] (TAPFileUpdate.java:713) - updateTapFile ...
2015-09-25 11:10:48,387 [ INFO] (TAPFileUpdate.java:722) - Execute insert TapFile :INSERT INTO TAPFILE(FILEID,FILENAME,CDRCOUNT,PROCESSTIME) VALUES(253,'CDTHAASHKGBM02280.4294967295',0, to_date('20150925111044','yyyyMMddhh24miss'))
2015-09-25 11:10:48,402 [ INFO] (TAPFileUpdate.java:740) - updateTAPFileDetail ...
2015-09-25 11:10:48,414 [ INFO] (TAPFileUpdate.java:478) - Processing File CDTHAASHKGBM02281.4294967295...
2015-09-25 11:10:48,420 [ INFO] (TAPFileUpdate.java:684) - Execute query  TAPFileID:SELECT TAPFILE_ID.NEXTVAL TAPFILE_ID FROM DUAL
2015-09-25 11:10:48,451 [ INFO] (TAPFileUpdate.java:713) - updateTapFile ...
2015-09-25 11:10:48,457 [ INFO] (TAPFileUpdate.java:722) - Execute insert TapFile :INSERT INTO TAPFILE(FILEID,FILENAME,CDRCOUNT,PROCESSTIME) VALUES(254,'CDTHAASHKGBM02281.4294967295',0, to_date('20150925111044','yyyyMMddhh24miss'))
2015-09-25 11:10:48,471 [ INFO] (TAPFileUpdate.java:740) - updateTAPFileDetail ...
2015-09-25 11:10:48,483 [ INFO] (TAPFileUpdate.java:478) - Processing File CDTHAASHKGBM02282.4114608899...
2015-09-25 11:10:48,522 [ INFO] (TAPFileUpdate.java:684) - Execute query  TAPFileID:SELECT TAPFILE_ID.NEXTVAL TAPFILE_ID FROM DUAL
2015-09-25 11:10:48,560 [ INFO] (TAPFileUpdate.java:713) - updateTapFile ...
2015-09-25 11:10:48,567 [ INFO] (TAPFileUpdate.java:722) - Execute insert TapFile :INSERT INTO TAPFILE(FILEID,FILENAME,CDRCOUNT,PROCESSTIME) VALUES(255,'CDTHAASHKGBM02282.4114608899',2, to_date('20150925111044','yyyyMMddhh24miss'))
2015-09-25 11:10:48,581 [ INFO] (TAPFileUpdate.java:740) - updateTAPFileDetail ...
2015-09-25 11:10:48,587 [ INFO] (TAPFileUpdate.java:765) - Execute insert TapFileDetail :INSERT INTO TAPFILEDETAIL(FILEID,TYPE,VLR,DIRECTION,CDRCOUNT,TOTALUSAGE,TOTALAMOUNT,AREAREFERENCE,ORIGINALUPLOAD,ORIGINALDOWNLOAD,ORIGINALDURATION) VALUES(255,0,'6618',128,1,1,49.2202,3212,0,0,3)
2015-09-25 11:10:48,595 [ INFO] (TAPFileUpdate.java:765) - Execute insert TapFileDetail :INSERT INTO TAPFILEDETAIL(FILEID,TYPE,VLR,DIRECTION,CDRCOUNT,TOTALUSAGE,TOTALAMOUNT,AREAREFERENCE,ORIGINALUPLOAD,ORIGINALDOWNLOAD,ORIGINALDURATION) VALUES(255,0,'6618',129,1,1,0.0,3212,0,0,3)
2015-09-25 11:10:48,609 [ INFO] (TAPFileUpdate.java:478) - Processing File CDTHAASHKGBM02283.4294967295...
2015-09-25 11:10:48,615 [ INFO] (TAPFileUpdate.java:684) - Execute query  TAPFileID:SELECT TAPFILE_ID.NEXTVAL TAPFILE_ID FROM DUAL
2015-09-25 11:10:48,647 [ INFO] (TAPFileUpdate.java:713) - updateTapFile ...
2015-09-25 11:10:48,653 [ INFO] (TAPFileUpdate.java:722) - Execute insert TapFile :INSERT INTO TAPFILE(FILEID,FILENAME,CDRCOUNT,PROCESSTIME) VALUES(256,'CDTHAASHKGBM02283.4294967295',0, to_date('20150925111044','yyyyMMddhh24miss'))
2015-09-25 11:10:48,675 [ INFO] (TAPFileUpdate.java:740) - updateTAPFileDetail ...
2015-09-25 11:10:48,710 [ INFO] (TAPFileUpdate.java:478) - Processing File CDTHAASHKGBM02284.4294967295...
2015-09-25 11:10:48,717 [ INFO] (TAPFileUpdate.java:684) - Execute query  TAPFileID:SELECT TAPFILE_ID.NEXTVAL TAPFILE_ID FROM DUAL
2015-09-25 11:10:48,756 [ INFO] (TAPFileUpdate.java:713) - updateTapFile ...
2015-09-25 11:10:48,765 [ INFO] (TAPFileUpdate.java:722) - Execute insert TapFile :INSERT INTO TAPFILE(FILEID,FILENAME,CDRCOUNT,PROCESSTIME) VALUES(257,'CDTHAASHKGBM02284.4294967295',0, to_date('20150925111044','yyyyMMddhh24miss'))
2015-09-25 11:10:48,781 [ INFO] (TAPFileUpdate.java:740) - updateTAPFileDetail ...
2015-09-25 11:10:48,794 [ INFO] (TAPFileUpdate.java:478) - Processing File CDTHAASHKGBM02285.4294967295...
2015-09-25 11:10:48,802 [ INFO] (TAPFileUpdate.java:684) - Execute query  TAPFileID:SELECT TAPFILE_ID.NEXTVAL TAPFILE_ID FROM DUAL
2015-09-25 11:10:48,836 [ INFO] (TAPFileUpdate.java:713) - updateTapFile ...
2015-09-25 11:10:48,843 [ INFO] (TAPFileUpdate.java:722) - Execute insert TapFile :INSERT INTO TAPFILE(FILEID,FILENAME,CDRCOUNT,PROCESSTIME) VALUES(258,'CDTHAASHKGBM02285.4294967295',0, to_date('20150925111044','yyyyMMddhh24miss'))
2015-09-25 11:10:48,859 [ INFO] (TAPFileUpdate.java:740) - updateTAPFileDetail ...
2015-09-25 11:10:48,870 [ INFO] (TAPFileUpdate.java:478) - Processing File CDTHAASHKGBM02286.4294967295...
2015-09-25 11:10:48,877 [ INFO] (TAPFileUpdate.java:684) - Execute query  TAPFileID:SELECT TAPFILE_ID.NEXTVAL TAPFILE_ID FROM DUAL
2015-09-25 11:10:48,908 [ INFO] (TAPFileUpdate.java:713) - updateTapFile ...
2015-09-25 11:10:48,914 [ INFO] (TAPFileUpdate.java:722) - Execute insert TapFile :INSERT INTO TAPFILE(FILEID,FILENAME,CDRCOUNT,PROCESSTIME) VALUES(259,'CDTHAASHKGBM02286.4294967295',0, to_date('20150925111044','yyyyMMddhh24miss'))
2015-09-25 11:10:48,928 [ INFO] (TAPFileUpdate.java:740) - updateTAPFileDetail ...
2015-09-25 11:10:48,940 [ INFO] (TAPFileUpdate.java:478) - Processing File CDTHAASHKGBM02287.4294967295...
2015-09-25 11:10:48,947 [ INFO] (TAPFileUpdate.java:684) - Execute query  TAPFileID:SELECT TAPFILE_ID.NEXTVAL TAPFILE_ID FROM DUAL
2015-09-25 11:10:48,981 [ INFO] (TAPFileUpdate.java:713) - updateTapFile ...
2015-09-25 11:10:48,986 [ INFO] (TAPFileUpdate.java:722) - Execute insert TapFile :INSERT INTO TAPFILE(FILEID,FILENAME,CDRCOUNT,PROCESSTIME) VALUES(260,'CDTHAASHKGBM02287.4294967295',0, to_date('20150925111044','yyyyMMddhh24miss'))
2015-09-25 11:10:49,000 [ INFO] (TAPFileUpdate.java:740) - updateTAPFileDetail ...
2015-09-25 11:10:49,022 [ INFO] (TAPFileUpdate.java:478) - Processing File CDTHAASHKGBM02288.1263955353...
2015-09-25 11:10:49,043 [ INFO] (TAPFileUpdate.java:684) - Execute query  TAPFileID:SELECT TAPFILE_ID.NEXTVAL TAPFILE_ID FROM DUAL
2015-09-25 11:10:49,077 [ INFO] (TAPFileUpdate.java:713) - updateTapFile ...
2015-09-25 11:10:49,084 [ INFO] (TAPFileUpdate.java:722) - Execute insert TapFile :INSERT INTO TAPFILE(FILEID,FILENAME,CDRCOUNT,PROCESSTIME) VALUES(261,'CDTHAASHKGBM02288.1263955353',4, to_date('20150925111044','yyyyMMddhh24miss'))
2015-09-25 11:10:49,097 [ INFO] (TAPFileUpdate.java:740) - updateTAPFileDetail ...
2015-09-25 11:10:49,103 [ INFO] (TAPFileUpdate.java:765) - Execute insert TapFileDetail :INSERT INTO TAPFILEDETAIL(FILEID,TYPE,VLR,DIRECTION,CDRCOUNT,TOTALUSAGE,TOTALAMOUNT,AREAREFERENCE,ORIGINALUPLOAD,ORIGINALDOWNLOAD,ORIGINALDURATION) VALUES(261,0,'6618',128,2,3,147.6603,3212,0,0,70)
2015-09-25 11:10:49,111 [ INFO] (TAPFileUpdate.java:765) - Execute insert TapFileDetail :INSERT INTO TAPFILEDETAIL(FILEID,TYPE,VLR,DIRECTION,CDRCOUNT,TOTALUSAGE,TOTALAMOUNT,AREAREFERENCE,ORIGINALUPLOAD,ORIGINALDOWNLOAD,ORIGINALDURATION) VALUES(261,0,'6618',129,2,3,0.0,3212,0,0,70)
2015-09-25 11:10:49,131 [ INFO] (TAPFileUpdate.java:478) - Processing File CDTHAASHKGBM02289.4294967295...
2015-09-25 11:10:49,137 [ INFO] (TAPFileUpdate.java:684) - Execute query  TAPFileID:SELECT TAPFILE_ID.NEXTVAL TAPFILE_ID FROM DUAL
2015-09-25 11:10:49,167 [ INFO] (TAPFileUpdate.java:713) - updateTapFile ...
2015-09-25 11:10:49,173 [ INFO] (TAPFileUpdate.java:722) - Execute insert TapFile :INSERT INTO TAPFILE(FILEID,FILENAME,CDRCOUNT,PROCESSTIME) VALUES(262,'CDTHAASHKGBM02289.4294967295',0, to_date('20150925111044','yyyyMMddhh24miss'))
2015-09-25 11:10:49,187 [ INFO] (TAPFileUpdate.java:740) - updateTAPFileDetail ...
2015-09-25 11:10:49,198 [ INFO] (TAPFileUpdate.java:478) - Processing File CDTHAASHKGBM02290.4294967295...
2015-09-25 11:10:49,204 [ INFO] (TAPFileUpdate.java:684) - Execute query  TAPFileID:SELECT TAPFILE_ID.NEXTVAL TAPFILE_ID FROM DUAL
2015-09-25 11:10:49,329 [ INFO] (TAPFileUpdate.java:713) - updateTapFile ...
2015-09-25 11:10:49,340 [ INFO] (TAPFileUpdate.java:722) - Execute insert TapFile :INSERT INTO TAPFILE(FILEID,FILENAME,CDRCOUNT,PROCESSTIME) VALUES(263,'CDTHAASHKGBM02290.4294967295',0, to_date('20150925111044','yyyyMMddhh24miss'))
2015-09-25 11:10:49,357 [ INFO] (TAPFileUpdate.java:740) - updateTAPFileDetail ...
2015-09-25 11:10:49,398 [ INFO] (TAPFileUpdate.java:110) - delete temp folder!
2015-09-25 11:10:49,476 [ INFO] (TAPFileUpdate.java:134) - Program end... (run time = 4612)
2015-09-25 11:28:40,945 [ INFO] (TAPFileUpdate.java:84) - customer Program start...  Fri Sep 25 11:28:40 CST 2015
2015-09-25 11:28:41,626 [ INFO] (TAPFileUpdate.java:799) - Execute query  CHARGEAREACONFIG:SELECT CHARGEAREACODE,AREAREFERENCE FROM CHARGEAREACONFIG A 
2015-09-25 11:28:43,712 [ INFO] (TAPFileUpdate.java:297) - Execute query TAPInPartner:SELECT A.NAME,A.FILEPREFIX,A.FILENUMBERLEN,A.LASTPROCESSFILENO FROM TAPINPARTNER A 
2015-09-25 11:28:44,229 [ INFO] (TAPFileUpdate.java:482) - Processing File CDTHAASHKGBM02280.4294967295...
2015-09-25 11:28:44,236 [ INFO] (TAPFileUpdate.java:688) - Execute query  TAPFileID:SELECT TAPFILE_ID.NEXTVAL TAPFILE_ID FROM DUAL
2015-09-25 11:28:44,294 [ INFO] (TAPFileUpdate.java:717) - updateTapFile ...
2015-09-25 11:28:44,299 [ INFO] (TAPFileUpdate.java:726) - Execute insert TapFile :INSERT INTO TAPFILE(FILEID,FILENAME,CDRCOUNT,PROCESSTIME) VALUES(330,'CDTHAASHKGBM02280.4294967295',0, to_date('20150925112840','yyyyMMddhh24miss'))
2015-09-25 11:28:44,314 [ INFO] (TAPFileUpdate.java:744) - updateTAPFileDetail ...
2015-09-25 11:28:44,349 [ INFO] (TAPFileUpdate.java:482) - Processing File CDTHAASHKGBM02281.4294967295...
2015-09-25 11:28:44,357 [ INFO] (TAPFileUpdate.java:688) - Execute query  TAPFileID:SELECT TAPFILE_ID.NEXTVAL TAPFILE_ID FROM DUAL
2015-09-25 11:28:44,395 [ INFO] (TAPFileUpdate.java:717) - updateTapFile ...
2015-09-25 11:28:44,401 [ INFO] (TAPFileUpdate.java:726) - Execute insert TapFile :INSERT INTO TAPFILE(FILEID,FILENAME,CDRCOUNT,PROCESSTIME) VALUES(331,'CDTHAASHKGBM02281.4294967295',0, to_date('20150925112840','yyyyMMddhh24miss'))
2015-09-25 11:28:44,416 [ INFO] (TAPFileUpdate.java:744) - updateTAPFileDetail ...
2015-09-25 11:28:44,428 [ INFO] (TAPFileUpdate.java:482) - Processing File CDTHAASHKGBM02282.4114608899...
2015-09-25 11:28:44,465 [ INFO] (TAPFileUpdate.java:688) - Execute query  TAPFileID:SELECT TAPFILE_ID.NEXTVAL TAPFILE_ID FROM DUAL
2015-09-25 11:28:44,509 [ INFO] (TAPFileUpdate.java:717) - updateTapFile ...
2015-09-25 11:28:44,516 [ INFO] (TAPFileUpdate.java:726) - Execute insert TapFile :INSERT INTO TAPFILE(FILEID,FILENAME,CDRCOUNT,PROCESSTIME) VALUES(332,'CDTHAASHKGBM02282.4114608899',2, to_date('20150925112840','yyyyMMddhh24miss'))
2015-09-25 11:28:44,531 [ INFO] (TAPFileUpdate.java:744) - updateTAPFileDetail ...
2015-09-25 11:28:44,537 [ INFO] (TAPFileUpdate.java:769) - Execute insert TapFileDetail :INSERT INTO TAPFILEDETAIL(FILEID,TYPE,VLR,DIRECTION,CDRCOUNT,TOTALUSAGE,TOTALAMOUNT,AREAREFERENCE,ORIGINALUPLOAD,ORIGINALDOWNLOAD,ORIGINALDURATION) VALUES(332,0,'6618',128,1,1,49.2202,3212,0,0,3)
2015-09-25 11:28:44,547 [ INFO] (TAPFileUpdate.java:769) - Execute insert TapFileDetail :INSERT INTO TAPFILEDETAIL(FILEID,TYPE,VLR,DIRECTION,CDRCOUNT,TOTALUSAGE,TOTALAMOUNT,AREAREFERENCE,ORIGINALUPLOAD,ORIGINALDOWNLOAD,ORIGINALDURATION) VALUES(332,0,'6618',129,1,1,0.0,3212,0,0,3)
2015-09-25 11:28:44,561 [ INFO] (TAPFileUpdate.java:482) - Processing File CDTHAASHKGBM02283.4294967295...
2015-09-25 11:28:44,567 [ INFO] (TAPFileUpdate.java:688) - Execute query  TAPFileID:SELECT TAPFILE_ID.NEXTVAL TAPFILE_ID FROM DUAL
2015-09-25 11:28:44,608 [ INFO] (TAPFileUpdate.java:717) - updateTapFile ...
2015-09-25 11:28:44,614 [ INFO] (TAPFileUpdate.java:726) - Execute insert TapFile :INSERT INTO TAPFILE(FILEID,FILENAME,CDRCOUNT,PROCESSTIME) VALUES(333,'CDTHAASHKGBM02283.4294967295',0, to_date('20150925112840','yyyyMMddhh24miss'))
2015-09-25 11:28:44,631 [ INFO] (TAPFileUpdate.java:744) - updateTAPFileDetail ...
2015-09-25 11:28:44,642 [ INFO] (TAPFileUpdate.java:482) - Processing File CDTHAASHKGBM02284.4294967295...
2015-09-25 11:28:44,648 [ INFO] (TAPFileUpdate.java:688) - Execute query  TAPFileID:SELECT TAPFILE_ID.NEXTVAL TAPFILE_ID FROM DUAL
2015-09-25 11:28:44,684 [ INFO] (TAPFileUpdate.java:717) - updateTapFile ...
2015-09-25 11:28:44,689 [ INFO] (TAPFileUpdate.java:726) - Execute insert TapFile :INSERT INTO TAPFILE(FILEID,FILENAME,CDRCOUNT,PROCESSTIME) VALUES(334,'CDTHAASHKGBM02284.4294967295',0, to_date('20150925112840','yyyyMMddhh24miss'))
2015-09-25 11:28:44,705 [ INFO] (TAPFileUpdate.java:744) - updateTAPFileDetail ...
2015-09-25 11:28:44,716 [ INFO] (TAPFileUpdate.java:482) - Processing File CDTHAASHKGBM02285.4294967295...
2015-09-25 11:28:44,722 [ INFO] (TAPFileUpdate.java:688) - Execute query  TAPFileID:SELECT TAPFILE_ID.NEXTVAL TAPFILE_ID FROM DUAL
2015-09-25 11:28:44,772 [ INFO] (TAPFileUpdate.java:717) - updateTapFile ...
2015-09-25 11:28:44,777 [ INFO] (TAPFileUpdate.java:726) - Execute insert TapFile :INSERT INTO TAPFILE(FILEID,FILENAME,CDRCOUNT,PROCESSTIME) VALUES(335,'CDTHAASHKGBM02285.4294967295',0, to_date('20150925112840','yyyyMMddhh24miss'))
2015-09-25 11:28:44,791 [ INFO] (TAPFileUpdate.java:744) - updateTAPFileDetail ...
2015-09-25 11:28:44,803 [ INFO] (TAPFileUpdate.java:482) - Processing File CDTHAASHKGBM02286.4294967295...
2015-09-25 11:28:44,810 [ INFO] (TAPFileUpdate.java:688) - Execute query  TAPFileID:SELECT TAPFILE_ID.NEXTVAL TAPFILE_ID FROM DUAL
2015-09-25 11:28:44,844 [ INFO] (TAPFileUpdate.java:717) - updateTapFile ...
2015-09-25 11:28:44,850 [ INFO] (TAPFileUpdate.java:726) - Execute insert TapFile :INSERT INTO TAPFILE(FILEID,FILENAME,CDRCOUNT,PROCESSTIME) VALUES(336,'CDTHAASHKGBM02286.4294967295',0, to_date('20150925112840','yyyyMMddhh24miss'))
2015-09-25 11:28:44,864 [ INFO] (TAPFileUpdate.java:744) - updateTAPFileDetail ...
2015-09-25 11:28:44,875 [ INFO] (TAPFileUpdate.java:482) - Processing File CDTHAASHKGBM02287.4294967295...
2015-09-25 11:28:44,881 [ INFO] (TAPFileUpdate.java:688) - Execute query  TAPFileID:SELECT TAPFILE_ID.NEXTVAL TAPFILE_ID FROM DUAL
2015-09-25 11:28:44,912 [ INFO] (TAPFileUpdate.java:717) - updateTapFile ...
2015-09-25 11:28:44,918 [ INFO] (TAPFileUpdate.java:726) - Execute insert TapFile :INSERT INTO TAPFILE(FILEID,FILENAME,CDRCOUNT,PROCESSTIME) VALUES(337,'CDTHAASHKGBM02287.4294967295',0, to_date('20150925112840','yyyyMMddhh24miss'))
2015-09-25 11:28:44,934 [ INFO] (TAPFileUpdate.java:744) - updateTAPFileDetail ...
2015-09-25 11:28:44,945 [ INFO] (TAPFileUpdate.java:482) - Processing File CDTHAASHKGBM02288.1263955353...
2015-09-25 11:28:44,962 [ INFO] (TAPFileUpdate.java:688) - Execute query  TAPFileID:SELECT TAPFILE_ID.NEXTVAL TAPFILE_ID FROM DUAL
2015-09-25 11:28:44,993 [ INFO] (TAPFileUpdate.java:717) - updateTapFile ...
2015-09-25 11:28:44,999 [ INFO] (TAPFileUpdate.java:726) - Execute insert TapFile :INSERT INTO TAPFILE(FILEID,FILENAME,CDRCOUNT,PROCESSTIME) VALUES(338,'CDTHAASHKGBM02288.1263955353',4, to_date('20150925112840','yyyyMMddhh24miss'))
2015-09-25 11:28:45,013 [ INFO] (TAPFileUpdate.java:744) - updateTAPFileDetail ...
2015-09-25 11:28:45,019 [ INFO] (TAPFileUpdate.java:769) - Execute insert TapFileDetail :INSERT INTO TAPFILEDETAIL(FILEID,TYPE,VLR,DIRECTION,CDRCOUNT,TOTALUSAGE,TOTALAMOUNT,AREAREFERENCE,ORIGINALUPLOAD,ORIGINALDOWNLOAD,ORIGINALDURATION) VALUES(338,0,'6618',128,2,3,147.6603,3212,0,0,70)
2015-09-25 11:28:45,028 [ INFO] (TAPFileUpdate.java:769) - Execute insert TapFileDetail :INSERT INTO TAPFILEDETAIL(FILEID,TYPE,VLR,DIRECTION,CDRCOUNT,TOTALUSAGE,TOTALAMOUNT,AREAREFERENCE,ORIGINALUPLOAD,ORIGINALDOWNLOAD,ORIGINALDURATION) VALUES(338,0,'6618',129,2,3,0.0,3212,0,0,70)
2015-09-25 11:28:45,043 [ INFO] (TAPFileUpdate.java:482) - Processing File CDTHAASHKGBM02289.4294967295...
2015-09-25 11:28:45,050 [ INFO] (TAPFileUpdate.java:688) - Execute query  TAPFileID:SELECT TAPFILE_ID.NEXTVAL TAPFILE_ID FROM DUAL
2015-09-25 11:28:45,083 [ INFO] (TAPFileUpdate.java:717) - updateTapFile ...
2015-09-25 11:28:45,088 [ INFO] (TAPFileUpdate.java:726) - Execute insert TapFile :INSERT INTO TAPFILE(FILEID,FILENAME,CDRCOUNT,PROCESSTIME) VALUES(339,'CDTHAASHKGBM02289.4294967295',0, to_date('20150925112840','yyyyMMddhh24miss'))
2015-09-25 11:28:45,102 [ INFO] (TAPFileUpdate.java:744) - updateTAPFileDetail ...
2015-09-25 11:28:45,113 [ INFO] (TAPFileUpdate.java:482) - Processing File CDTHAASHKGBM02290.4294967295...
2015-09-25 11:28:45,119 [ INFO] (TAPFileUpdate.java:688) - Execute query  TAPFileID:SELECT TAPFILE_ID.NEXTVAL TAPFILE_ID FROM DUAL
2015-09-25 11:28:45,150 [ INFO] (TAPFileUpdate.java:717) - updateTapFile ...
2015-09-25 11:28:45,156 [ INFO] (TAPFileUpdate.java:726) - Execute insert TapFile :INSERT INTO TAPFILE(FILEID,FILENAME,CDRCOUNT,PROCESSTIME) VALUES(340,'CDTHAASHKGBM02290.4294967295',0, to_date('20150925112840','yyyyMMddhh24miss'))
2015-09-25 11:28:45,173 [ INFO] (TAPFileUpdate.java:744) - updateTAPFileDetail ...
2015-09-25 11:28:45,215 [ INFO] (TAPFileUpdate.java:114) - delete temp folder!
2015-09-25 11:28:45,367 [ INFO] (TAPFileUpdate.java:138) - Program end... (run time = 4423)
2015-09-25 11:29:26,289 [ INFO] (TAPFileUpdate.java:84) - customer Program start...  Fri Sep 25 11:29:26 CST 2015
2015-09-25 11:29:26,890 [ INFO] (TAPFileUpdate.java:799) - Execute query  CHARGEAREACONFIG:SELECT CHARGEAREACODE,AREAREFERENCE FROM CHARGEAREACONFIG A 
2015-09-25 11:29:29,336 [ INFO] (TAPFileUpdate.java:297) - Execute query TAPInPartner:SELECT A.NAME,A.FILEPREFIX,A.FILENUMBERLEN,A.LASTPROCESSFILENO FROM TAPINPARTNER A 
2015-09-25 11:29:29,694 [ INFO] (TAPFileUpdate.java:482) - Processing File CDTHAASHKGBM02280.4294967295...
2015-09-25 11:29:29,700 [ INFO] (TAPFileUpdate.java:688) - Execute query  TAPFileID:SELECT TAPFILE_ID.NEXTVAL TAPFILE_ID FROM DUAL
2015-09-25 11:29:29,753 [ INFO] (TAPFileUpdate.java:717) - updateTapFile ...
2015-09-25 11:29:29,760 [ INFO] (TAPFileUpdate.java:726) - Execute insert TapFile :INSERT INTO TAPFILE(FILEID,FILENAME,CDRCOUNT,PROCESSTIME) VALUES(341,'CDTHAASHKGBM02280.4294967295',0, to_date('20150925112926','yyyyMMddhh24miss'))
2015-09-25 11:29:29,775 [ INFO] (TAPFileUpdate.java:744) - updateTAPFileDetail ...
2015-09-25 11:29:29,787 [ INFO] (TAPFileUpdate.java:482) - Processing File CDTHAASHKGBM02281.4294967295...
2015-09-25 11:29:29,796 [ INFO] (TAPFileUpdate.java:688) - Execute query  TAPFileID:SELECT TAPFILE_ID.NEXTVAL TAPFILE_ID FROM DUAL
2015-09-25 11:29:29,828 [ INFO] (TAPFileUpdate.java:717) - updateTapFile ...
2015-09-25 11:29:29,835 [ INFO] (TAPFileUpdate.java:726) - Execute insert TapFile :INSERT INTO TAPFILE(FILEID,FILENAME,CDRCOUNT,PROCESSTIME) VALUES(342,'CDTHAASHKGBM02281.4294967295',0, to_date('20150925112926','yyyyMMddhh24miss'))
2015-09-25 11:29:29,850 [ INFO] (TAPFileUpdate.java:744) - updateTAPFileDetail ...
2015-09-25 11:29:29,861 [ INFO] (TAPFileUpdate.java:482) - Processing File CDTHAASHKGBM02282.4114608899...
2015-09-25 11:29:29,891 [ INFO] (TAPFileUpdate.java:688) - Execute query  TAPFileID:SELECT TAPFILE_ID.NEXTVAL TAPFILE_ID FROM DUAL
2015-09-25 11:29:29,930 [ INFO] (TAPFileUpdate.java:717) - updateTapFile ...
2015-09-25 11:29:29,936 [ INFO] (TAPFileUpdate.java:726) - Execute insert TapFile :INSERT INTO TAPFILE(FILEID,FILENAME,CDRCOUNT,PROCESSTIME) VALUES(343,'CDTHAASHKGBM02282.4114608899',2, to_date('20150925112926','yyyyMMddhh24miss'))
2015-09-25 11:29:29,953 [ INFO] (TAPFileUpdate.java:744) - updateTAPFileDetail ...
2015-09-25 11:29:29,959 [ INFO] (TAPFileUpdate.java:769) - Execute insert TapFileDetail :INSERT INTO TAPFILEDETAIL(FILEID,TYPE,VLR,DIRECTION,CDRCOUNT,TOTALUSAGE,TOTALAMOUNT,AREAREFERENCE,ORIGINALUPLOAD,ORIGINALDOWNLOAD,ORIGINALDURATION) VALUES(343,0,'6618',128,1,1,49.2202,3212,0,0,3)
2015-09-25 11:29:29,968 [ INFO] (TAPFileUpdate.java:769) - Execute insert TapFileDetail :INSERT INTO TAPFILEDETAIL(FILEID,TYPE,VLR,DIRECTION,CDRCOUNT,TOTALUSAGE,TOTALAMOUNT,AREAREFERENCE,ORIGINALUPLOAD,ORIGINALDOWNLOAD,ORIGINALDURATION) VALUES(343,0,'6618',129,1,1,0.0,3212,0,0,3)
2015-09-25 11:29:29,985 [ INFO] (TAPFileUpdate.java:482) - Processing File CDTHAASHKGBM02283.4294967295...
2015-09-25 11:29:29,992 [ INFO] (TAPFileUpdate.java:688) - Execute query  TAPFileID:SELECT TAPFILE_ID.NEXTVAL TAPFILE_ID FROM DUAL
2015-09-25 11:29:30,036 [ INFO] (TAPFileUpdate.java:717) - updateTapFile ...
2015-09-25 11:29:30,043 [ INFO] (TAPFileUpdate.java:726) - Execute insert TapFile :INSERT INTO TAPFILE(FILEID,FILENAME,CDRCOUNT,PROCESSTIME) VALUES(344,'CDTHAASHKGBM02283.4294967295',0, to_date('20150925112926','yyyyMMddhh24miss'))
2015-09-25 11:29:30,061 [ INFO] (TAPFileUpdate.java:744) - updateTAPFileDetail ...
2015-09-25 11:29:30,077 [ INFO] (TAPFileUpdate.java:482) - Processing File CDTHAASHKGBM02284.4294967295...
2015-09-25 11:29:30,083 [ INFO] (TAPFileUpdate.java:688) - Execute query  TAPFileID:SELECT TAPFILE_ID.NEXTVAL TAPFILE_ID FROM DUAL
2015-09-25 11:29:30,119 [ INFO] (TAPFileUpdate.java:717) - updateTapFile ...
2015-09-25 11:29:30,125 [ INFO] (TAPFileUpdate.java:726) - Execute insert TapFile :INSERT INTO TAPFILE(FILEID,FILENAME,CDRCOUNT,PROCESSTIME) VALUES(345,'CDTHAASHKGBM02284.4294967295',0, to_date('20150925112926','yyyyMMddhh24miss'))
2015-09-25 11:29:30,142 [ INFO] (TAPFileUpdate.java:744) - updateTAPFileDetail ...
2015-09-25 11:29:30,153 [ INFO] (TAPFileUpdate.java:482) - Processing File CDTHAASHKGBM02285.4294967295...
2015-09-25 11:29:30,159 [ INFO] (TAPFileUpdate.java:688) - Execute query  TAPFileID:SELECT TAPFILE_ID.NEXTVAL TAPFILE_ID FROM DUAL
2015-09-25 11:29:30,271 [ INFO] (TAPFileUpdate.java:717) - updateTapFile ...
2015-09-25 11:29:30,277 [ INFO] (TAPFileUpdate.java:726) - Execute insert TapFile :INSERT INTO TAPFILE(FILEID,FILENAME,CDRCOUNT,PROCESSTIME) VALUES(346,'CDTHAASHKGBM02285.4294967295',0, to_date('20150925112926','yyyyMMddhh24miss'))
2015-09-25 11:29:30,291 [ INFO] (TAPFileUpdate.java:744) - updateTAPFileDetail ...
2015-09-25 11:29:30,305 [ INFO] (TAPFileUpdate.java:482) - Processing File CDTHAASHKGBM02286.4294967295...
2015-09-25 11:29:30,329 [ INFO] (TAPFileUpdate.java:688) - Execute query  TAPFileID:SELECT TAPFILE_ID.NEXTVAL TAPFILE_ID FROM DUAL
2015-09-25 11:29:30,363 [ INFO] (TAPFileUpdate.java:717) - updateTapFile ...
2015-09-25 11:29:30,370 [ INFO] (TAPFileUpdate.java:726) - Execute insert TapFile :INSERT INTO TAPFILE(FILEID,FILENAME,CDRCOUNT,PROCESSTIME) VALUES(347,'CDTHAASHKGBM02286.4294967295',0, to_date('20150925112926','yyyyMMddhh24miss'))
2015-09-25 11:29:30,385 [ INFO] (TAPFileUpdate.java:744) - updateTAPFileDetail ...
2015-09-25 11:29:30,397 [ INFO] (TAPFileUpdate.java:482) - Processing File CDTHAASHKGBM02287.4294967295...
2015-09-25 11:29:30,404 [ INFO] (TAPFileUpdate.java:688) - Execute query  TAPFileID:SELECT TAPFILE_ID.NEXTVAL TAPFILE_ID FROM DUAL
2015-09-25 11:29:30,438 [ INFO] (TAPFileUpdate.java:717) - updateTapFile ...
2015-09-25 11:29:30,446 [ INFO] (TAPFileUpdate.java:726) - Execute insert TapFile :INSERT INTO TAPFILE(FILEID,FILENAME,CDRCOUNT,PROCESSTIME) VALUES(348,'CDTHAASHKGBM02287.4294967295',0, to_date('20150925112926','yyyyMMddhh24miss'))
2015-09-25 11:29:30,460 [ INFO] (TAPFileUpdate.java:744) - updateTAPFileDetail ...
2015-09-25 11:29:30,472 [ INFO] (TAPFileUpdate.java:482) - Processing File CDTHAASHKGBM02288.1263955353...
2015-09-25 11:29:30,496 [ INFO] (TAPFileUpdate.java:688) - Execute query  TAPFileID:SELECT TAPFILE_ID.NEXTVAL TAPFILE_ID FROM DUAL
2015-09-25 11:29:30,533 [ INFO] (TAPFileUpdate.java:717) - updateTapFile ...
2015-09-25 11:29:30,541 [ INFO] (TAPFileUpdate.java:726) - Execute insert TapFile :INSERT INTO TAPFILE(FILEID,FILENAME,CDRCOUNT,PROCESSTIME) VALUES(349,'CDTHAASHKGBM02288.1263955353',4, to_date('20150925112926','yyyyMMddhh24miss'))
2015-09-25 11:29:30,556 [ INFO] (TAPFileUpdate.java:744) - updateTAPFileDetail ...
2015-09-25 11:29:30,563 [ INFO] (TAPFileUpdate.java:769) - Execute insert TapFileDetail :INSERT INTO TAPFILEDETAIL(FILEID,TYPE,VLR,DIRECTION,CDRCOUNT,TOTALUSAGE,TOTALAMOUNT,AREAREFERENCE,ORIGINALUPLOAD,ORIGINALDOWNLOAD,ORIGINALDURATION) VALUES(349,0,'6618',128,2,3,147.6603,3212,0,0,70)
2015-09-25 11:29:30,573 [ INFO] (TAPFileUpdate.java:769) - Execute insert TapFileDetail :INSERT INTO TAPFILEDETAIL(FILEID,TYPE,VLR,DIRECTION,CDRCOUNT,TOTALUSAGE,TOTALAMOUNT,AREAREFERENCE,ORIGINALUPLOAD,ORIGINALDOWNLOAD,ORIGINALDURATION) VALUES(349,0,'6618',129,2,3,0.0,3212,0,0,70)
2015-09-25 11:29:30,591 [ INFO] (TAPFileUpdate.java:482) - Processing File CDTHAASHKGBM02289.4294967295...
2015-09-25 11:29:30,600 [ INFO] (TAPFileUpdate.java:688) - Execute query  TAPFileID:SELECT TAPFILE_ID.NEXTVAL TAPFILE_ID FROM DUAL
2015-09-25 11:29:30,633 [ INFO] (TAPFileUpdate.java:717) - updateTapFile ...
2015-09-25 11:29:30,639 [ INFO] (TAPFileUpdate.java:726) - Execute insert TapFile :INSERT INTO TAPFILE(FILEID,FILENAME,CDRCOUNT,PROCESSTIME) VALUES(350,'CDTHAASHKGBM02289.4294967295',0, to_date('20150925112926','yyyyMMddhh24miss'))
2015-09-25 11:29:30,653 [ INFO] (TAPFileUpdate.java:744) - updateTAPFileDetail ...
2015-09-25 11:29:30,664 [ INFO] (TAPFileUpdate.java:482) - Processing File CDTHAASHKGBM02290.4294967295...
2015-09-25 11:29:30,670 [ INFO] (TAPFileUpdate.java:688) - Execute query  TAPFileID:SELECT TAPFILE_ID.NEXTVAL TAPFILE_ID FROM DUAL
2015-09-25 11:29:30,714 [ INFO] (TAPFileUpdate.java:717) - updateTapFile ...
2015-09-25 11:29:30,720 [ INFO] (TAPFileUpdate.java:726) - Execute insert TapFile :INSERT INTO TAPFILE(FILEID,FILENAME,CDRCOUNT,PROCESSTIME) VALUES(351,'CDTHAASHKGBM02290.4294967295',0, to_date('20150925112926','yyyyMMddhh24miss'))
2015-09-25 11:29:30,739 [ INFO] (TAPFileUpdate.java:744) - updateTAPFileDetail ...
2015-09-25 11:29:30,863 [ INFO] (TAPFileUpdate.java:114) - delete temp folder!
2015-09-25 11:29:30,908 [ INFO] (TAPFileUpdate.java:138) - Program end... (run time = 4621)
