2015-09-25 11:15:00,975 [ INFO] (TAPFileUpdate.java:149) - Program start...  Fri Sep 25 11:15:00 CST 2015
2015-09-25 11:15:01,653 [ INFO] (TAPFileUpdate.java:795) - Execute query  CHARGEAREACONFIG:SELECT CHARGEAREACODE,AREAREFERENCE FROM CHARGEAREACONFIG A 
2015-09-25 11:15:03,816 [ INFO] (TAPFileUpdate.java:293) - Execute query TAPInPartner:SELECT A.NAME,A.FILEPREFIX,A.FILENUMBERLEN,A.LASTPROCESSFILENO FROM TAPINPARTNER A 
2015-09-25 11:15:04,552 [ INFO] (TAPFileUpdate.java:478) - Processing File CDTHAASHKGBM02783.3037678010...
2015-09-25 11:15:04,567 [ INFO] (TAPFileUpdate.java:684) - Execute query  TAPFileID:SELECT TAPFILE_ID.NEXTVAL TAPFILE_ID FROM DUAL
2015-09-25 11:15:04,625 [ INFO] (TAPFileUpdate.java:713) - updateTapFile ...
2015-09-25 11:15:04,631 [ INFO] (TAPFileUpdate.java:722) - Execute insert TapFile :INSERT INTO TAPFILE(FILEID,FILENAME,CDRCOUNT,PROCESSTIME) VALUES(264,'CDTHAASHKGBM02783.3037678010',4, to_date('20150925111500','yyyyMMddhh24miss'))
2015-09-25 11:15:04,647 [ INFO] (TAPFileUpdate.java:740) - updateTAPFileDetail ...
2015-09-25 11:15:04,653 [ INFO] (TAPFileUpdate.java:765) - Execute insert TapFileDetail :INSERT INTO TAPFILEDETAIL(FILEID,TYPE,VLR,DIRECTION,CDRCOUNT,TOTALUSAGE,TOTALAMOUNT,AREAREFERENCE,ORIGINALUPLOAD,ORIGINALDOWNLOAD,ORIGINALDURATION) VALUES(264,53,'6618',128,4,71,0.2232,3212,17060,53060,0)
2015-09-25 11:15:04,667 [ INFO] (TAPFileUpdate.java:478) - Processing File CDTHAASHKGBM02784.4294967295...
2015-09-25 11:15:04,674 [ INFO] (TAPFileUpdate.java:684) - Execute query  TAPFileID:SELECT TAPFILE_ID.NEXTVAL TAPFILE_ID FROM DUAL
2015-09-25 11:15:04,707 [ INFO] (TAPFileUpdate.java:713) - updateTapFile ...
2015-09-25 11:15:04,712 [ INFO] (TAPFileUpdate.java:722) - Execute insert TapFile :INSERT INTO TAPFILE(FILEID,FILENAME,CDRCOUNT,PROCESSTIME) VALUES(265,'CDTHAASHKGBM02784.4294967295',0, to_date('20150925111500','yyyyMMddhh24miss'))
2015-09-25 11:15:04,726 [ INFO] (TAPFileUpdate.java:740) - updateTAPFileDetail ...
2015-09-25 11:15:04,737 [ INFO] (TAPFileUpdate.java:478) - Processing File CDTHAASHKGBM02785.4036633911...
2015-09-25 11:15:04,769 [ INFO] (TAPFileUpdate.java:684) - Execute query  TAPFileID:SELECT TAPFILE_ID.NEXTVAL TAPFILE_ID FROM DUAL
2015-09-25 11:15:04,800 [ INFO] (TAPFileUpdate.java:713) - updateTapFile ...
2015-09-25 11:15:04,806 [ INFO] (TAPFileUpdate.java:722) - Execute insert TapFile :INSERT INTO TAPFILE(FILEID,FILENAME,CDRCOUNT,PROCESSTIME) VALUES(266,'CDTHAASHKGBM02785.4036633911',3, to_date('20150925111500','yyyyMMddhh24miss'))
2015-09-25 11:15:04,820 [ INFO] (TAPFileUpdate.java:740) - updateTAPFileDetail ...
2015-09-25 11:15:04,826 [ INFO] (TAPFileUpdate.java:765) - Execute insert TapFileDetail :INSERT INTO TAPFILEDETAIL(FILEID,TYPE,VLR,DIRECTION,CDRCOUNT,TOTALUSAGE,TOTALAMOUNT,AREAREFERENCE,ORIGINALUPLOAD,ORIGINALDOWNLOAD,ORIGINALDURATION) VALUES(266,0,'6618',129,3,8,38.5198,3212,0,0,390)
2015-09-25 11:15:04,840 [ INFO] (TAPFileUpdate.java:478) - Processing File CDTHAASHKGBM02786.1644679019...
2015-09-25 11:15:04,892 [ INFO] (TAPFileUpdate.java:684) - Execute query  TAPFileID:SELECT TAPFILE_ID.NEXTVAL TAPFILE_ID FROM DUAL
2015-09-25 11:15:04,928 [ INFO] (TAPFileUpdate.java:713) - updateTapFile ...
2015-09-25 11:15:04,934 [ INFO] (TAPFileUpdate.java:722) - Execute insert TapFile :INSERT INTO TAPFILE(FILEID,FILENAME,CDRCOUNT,PROCESSTIME) VALUES(267,'CDTHAASHKGBM02786.1644679019',12, to_date('20150925111500','yyyyMMddhh24miss'))
2015-09-25 11:15:04,949 [ INFO] (TAPFileUpdate.java:740) - updateTAPFileDetail ...
2015-09-25 11:15:04,955 [ INFO] (TAPFileUpdate.java:765) - Execute insert TapFileDetail :INSERT INTO TAPFILEDETAIL(FILEID,TYPE,VLR,DIRECTION,CDRCOUNT,TOTALUSAGE,TOTALAMOUNT,AREAREFERENCE,ORIGINALUPLOAD,ORIGINALDOWNLOAD,ORIGINALDURATION) VALUES(267,3,'6618',128,1,1,4.8148,3212,0,0,0)
2015-09-25 11:15:04,965 [ INFO] (TAPFileUpdate.java:765) - Execute insert TapFileDetail :INSERT INTO TAPFILEDETAIL(FILEID,TYPE,VLR,DIRECTION,CDRCOUNT,TOTALUSAGE,TOTALAMOUNT,AREAREFERENCE,ORIGINALUPLOAD,ORIGINALDOWNLOAD,ORIGINALDURATION) VALUES(267,53,'6618',128,3,210,0.6586,3212,44311,169257,0)
2015-09-25 11:15:04,974 [ INFO] (TAPFileUpdate.java:765) - Execute insert TapFileDetail :INSERT INTO TAPFILEDETAIL(FILEID,TYPE,VLR,DIRECTION,CDRCOUNT,TOTALUSAGE,TOTALAMOUNT,AREAREFERENCE,ORIGINALUPLOAD,ORIGINALDOWNLOAD,ORIGINALDURATION) VALUES(267,0,'6618',129,8,11,52.9646,3212,0,0,432)
2015-09-25 11:15:04,988 [ INFO] (TAPFileUpdate.java:478) - Processing File CDTHAASHKGBM02787.2672287201...
2015-09-25 11:15:05,011 [ INFO] (TAPFileUpdate.java:684) - Execute query  TAPFileID:SELECT TAPFILE_ID.NEXTVAL TAPFILE_ID FROM DUAL
2015-09-25 11:15:05,043 [ INFO] (TAPFileUpdate.java:713) - updateTapFile ...
2015-09-25 11:15:05,050 [ INFO] (TAPFileUpdate.java:722) - Execute insert TapFile :INSERT INTO TAPFILE(FILEID,FILENAME,CDRCOUNT,PROCESSTIME) VALUES(268,'CDTHAASHKGBM02787.2672287201',4, to_date('20150925111500','yyyyMMddhh24miss'))
2015-09-25 11:15:05,064 [ INFO] (TAPFileUpdate.java:740) - updateTAPFileDetail ...
2015-09-25 11:15:05,072 [ INFO] (TAPFileUpdate.java:765) - Execute insert TapFileDetail :INSERT INTO TAPFILEDETAIL(FILEID,TYPE,VLR,DIRECTION,CDRCOUNT,TOTALUSAGE,TOTALAMOUNT,AREAREFERENCE,ORIGINALUPLOAD,ORIGINALDOWNLOAD,ORIGINALDURATION) VALUES(268,0,'6618',129,4,9,43.335100000000004,3212,0,0,435)
2015-09-25 11:15:05,089 [ INFO] (TAPFileUpdate.java:478) - Processing File CDTHAASHKGBM02788.2368212287...
2015-09-25 11:15:05,130 [ INFO] (TAPFileUpdate.java:684) - Execute query  TAPFileID:SELECT TAPFILE_ID.NEXTVAL TAPFILE_ID FROM DUAL
2015-09-25 11:15:05,161 [ INFO] (TAPFileUpdate.java:713) - updateTapFile ...
2015-09-25 11:15:05,168 [ INFO] (TAPFileUpdate.java:722) - Execute insert TapFile :INSERT INTO TAPFILE(FILEID,FILENAME,CDRCOUNT,PROCESSTIME) VALUES(269,'CDTHAASHKGBM02788.2368212287',11, to_date('20150925111500','yyyyMMddhh24miss'))
2015-09-25 11:15:05,183 [ INFO] (TAPFileUpdate.java:740) - updateTAPFileDetail ...
2015-09-25 11:15:05,189 [ INFO] (TAPFileUpdate.java:765) - Execute insert TapFileDetail :INSERT INTO TAPFILEDETAIL(FILEID,TYPE,VLR,DIRECTION,CDRCOUNT,TOTALUSAGE,TOTALAMOUNT,AREAREFERENCE,ORIGINALUPLOAD,ORIGINALDOWNLOAD,ORIGINALDURATION) VALUES(269,53,'6618',128,1,13,0.0407,3212,8666,4637,0)
2015-09-25 11:15:05,197 [ INFO] (TAPFileUpdate.java:765) - Execute insert TapFileDetail :INSERT INTO TAPFILEDETAIL(FILEID,TYPE,VLR,DIRECTION,CDRCOUNT,TOTALUSAGE,TOTALAMOUNT,AREAREFERENCE,ORIGINALUPLOAD,ORIGINALDOWNLOAD,ORIGINALDURATION) VALUES(269,0,'6618',129,10,19,91.4845,3212,0,0,787)
2015-09-25 11:15:05,212 [ INFO] (TAPFileUpdate.java:478) - Processing File CDTHAASHKGBM02789.140310552...
2015-09-25 11:15:05,218 [ INFO] (TAPFileUpdate.java:684) - Execute query  TAPFileID:SELECT TAPFILE_ID.NEXTVAL TAPFILE_ID FROM DUAL
2015-09-25 11:15:05,248 [ INFO] (TAPFileUpdate.java:713) - updateTapFile ...
2015-09-25 11:15:05,254 [ INFO] (TAPFileUpdate.java:722) - Execute insert TapFile :INSERT INTO TAPFILE(FILEID,FILENAME,CDRCOUNT,PROCESSTIME) VALUES(270,'CDTHAASHKGBM02789.140310552',1, to_date('20150925111500','yyyyMMddhh24miss'))
2015-09-25 11:15:05,268 [ INFO] (TAPFileUpdate.java:740) - updateTAPFileDetail ...
2015-09-25 11:15:05,274 [ INFO] (TAPFileUpdate.java:765) - Execute insert TapFileDetail :INSERT INTO TAPFILEDETAIL(FILEID,TYPE,VLR,DIRECTION,CDRCOUNT,TOTALUSAGE,TOTALAMOUNT,AREAREFERENCE,ORIGINALUPLOAD,ORIGINALDOWNLOAD,ORIGINALDURATION) VALUES(270,53,'6618',128,1,3,0.0090,3212,1871,837,0)
2015-09-25 11:15:05,288 [ INFO] (TAPFileUpdate.java:478) - Processing File CDTHAASHKGBM02790.1514187464...
2015-09-25 11:15:05,320 [ INFO] (TAPFileUpdate.java:684) - Execute query  TAPFileID:SELECT TAPFILE_ID.NEXTVAL TAPFILE_ID FROM DUAL
2015-09-25 11:15:05,356 [ INFO] (TAPFileUpdate.java:713) - updateTapFile ...
2015-09-25 11:15:05,362 [ INFO] (TAPFileUpdate.java:722) - Execute insert TapFile :INSERT INTO TAPFILE(FILEID,FILENAME,CDRCOUNT,PROCESSTIME) VALUES(271,'CDTHAASHKGBM02790.1514187464',11, to_date('20150925111500','yyyyMMddhh24miss'))
2015-09-25 11:15:05,377 [ INFO] (TAPFileUpdate.java:740) - updateTAPFileDetail ...
2015-09-25 11:15:05,383 [ INFO] (TAPFileUpdate.java:765) - Execute insert TapFileDetail :INSERT INTO TAPFILEDETAIL(FILEID,TYPE,VLR,DIRECTION,CDRCOUNT,TOTALUSAGE,TOTALAMOUNT,AREAREFERENCE,ORIGINALUPLOAD,ORIGINALDOWNLOAD,ORIGINALDURATION) VALUES(271,0,'6618',128,1,2,9.6302,3212,0,0,115)
2015-09-25 11:15:05,391 [ INFO] (TAPFileUpdate.java:765) - Execute insert TapFileDetail :INSERT INTO TAPFILEDETAIL(FILEID,TYPE,VLR,DIRECTION,CDRCOUNT,TOTALUSAGE,TOTALAMOUNT,AREAREFERENCE,ORIGINALUPLOAD,ORIGINALDOWNLOAD,ORIGINALDURATION) VALUES(271,53,'6618',128,1,189,0.5923,3212,63466,129337,0)
2015-09-25 11:15:05,400 [ INFO] (TAPFileUpdate.java:765) - Execute insert TapFileDetail :INSERT INTO TAPFILEDETAIL(FILEID,TYPE,VLR,DIRECTION,CDRCOUNT,TOTALUSAGE,TOTALAMOUNT,AREAREFERENCE,ORIGINALUPLOAD,ORIGINALDOWNLOAD,ORIGINALDURATION) VALUES(271,0,'6618',129,9,16,77.0388,3212,0,0,549)
2015-09-25 11:15:05,414 [ INFO] (TAPFileUpdate.java:478) - Processing File CDTHAASHKGBM02791.2849673121...
2015-09-25 11:15:05,430 [ INFO] (TAPFileUpdate.java:684) - Execute query  TAPFileID:SELECT TAPFILE_ID.NEXTVAL TAPFILE_ID FROM DUAL
2015-09-25 11:15:05,466 [ INFO] (TAPFileUpdate.java:713) - updateTapFile ...
2015-09-25 11:15:05,472 [ INFO] (TAPFileUpdate.java:722) - Execute insert TapFile :INSERT INTO TAPFILE(FILEID,FILENAME,CDRCOUNT,PROCESSTIME) VALUES(272,'CDTHAASHKGBM02791.2849673121',12, to_date('20150925111500','yyyyMMddhh24miss'))
2015-09-25 11:15:05,487 [ INFO] (TAPFileUpdate.java:740) - updateTAPFileDetail ...
2015-09-25 11:15:05,493 [ INFO] (TAPFileUpdate.java:765) - Execute insert TapFileDetail :INSERT INTO TAPFILEDETAIL(FILEID,TYPE,VLR,DIRECTION,CDRCOUNT,TOTALUSAGE,TOTALAMOUNT,AREAREFERENCE,ORIGINALUPLOAD,ORIGINALDOWNLOAD,ORIGINALDURATION) VALUES(272,3,'6618',128,1,1,4.8148,3212,0,0,0)
2015-09-25 11:15:05,501 [ INFO] (TAPFileUpdate.java:765) - Execute insert TapFileDetail :INSERT INTO TAPFILEDETAIL(FILEID,TYPE,VLR,DIRECTION,CDRCOUNT,TOTALUSAGE,TOTALAMOUNT,AREAREFERENCE,ORIGINALUPLOAD,ORIGINALDOWNLOAD,ORIGINALDURATION) VALUES(272,0,'6618',128,8,8,34.775299999999994,3212,0,0,156)
2015-09-25 11:15:05,509 [ INFO] (TAPFileUpdate.java:765) - Execute insert TapFileDetail :INSERT INTO TAPFILEDETAIL(FILEID,TYPE,VLR,DIRECTION,CDRCOUNT,TOTALUSAGE,TOTALAMOUNT,AREAREFERENCE,ORIGINALUPLOAD,ORIGINALDOWNLOAD,ORIGINALDURATION) VALUES(272,0,'6618',129,3,5,24.0747,3212,0,0,209)
2015-09-25 11:15:05,525 [ INFO] (TAPFileUpdate.java:478) - Processing File CDTHAASHKGBM02792.397088129...
2015-09-25 11:15:05,535 [ INFO] (TAPFileUpdate.java:684) - Execute query  TAPFileID:SELECT TAPFILE_ID.NEXTVAL TAPFILE_ID FROM DUAL
2015-09-25 11:15:05,570 [ INFO] (TAPFileUpdate.java:713) - updateTapFile ...
2015-09-25 11:15:05,575 [ INFO] (TAPFileUpdate.java:722) - Execute insert TapFile :INSERT INTO TAPFILE(FILEID,FILENAME,CDRCOUNT,PROCESSTIME) VALUES(273,'CDTHAASHKGBM02792.397088129',9, to_date('20150925111500','yyyyMMddhh24miss'))
2015-09-25 11:15:05,589 [ INFO] (TAPFileUpdate.java:740) - updateTAPFileDetail ...
2015-09-25 11:15:05,595 [ INFO] (TAPFileUpdate.java:765) - Execute insert TapFileDetail :INSERT INTO TAPFILEDETAIL(FILEID,TYPE,VLR,DIRECTION,CDRCOUNT,TOTALUSAGE,TOTALAMOUNT,AREAREFERENCE,ORIGINALUPLOAD,ORIGINALDOWNLOAD,ORIGINALDURATION) VALUES(273,53,'6618',128,9,543,1.7024,3212,182776,368439,0)
2015-09-25 11:15:05,609 [ INFO] (TAPFileUpdate.java:478) - Processing File CDTHAASHKGBM02793.555731109...
2015-09-25 11:15:05,619 [ INFO] (TAPFileUpdate.java:684) - Execute query  TAPFileID:SELECT TAPFILE_ID.NEXTVAL TAPFILE_ID FROM DUAL
2015-09-25 11:15:05,654 [ INFO] (TAPFileUpdate.java:713) - updateTapFile ...
2015-09-25 11:15:05,660 [ INFO] (TAPFileUpdate.java:722) - Execute insert TapFile :INSERT INTO TAPFILE(FILEID,FILENAME,CDRCOUNT,PROCESSTIME) VALUES(274,'CDTHAASHKGBM02793.555731109',5, to_date('20150925111500','yyyyMMddhh24miss'))
2015-09-25 11:15:05,674 [ INFO] (TAPFileUpdate.java:740) - updateTAPFileDetail ...
2015-09-25 11:15:05,680 [ INFO] (TAPFileUpdate.java:765) - Execute insert TapFileDetail :INSERT INTO TAPFILEDETAIL(FILEID,TYPE,VLR,DIRECTION,CDRCOUNT,TOTALUSAGE,TOTALAMOUNT,AREAREFERENCE,ORIGINALUPLOAD,ORIGINALDOWNLOAD,ORIGINALDURATION) VALUES(274,53,'6618',128,4,626,1.9624000000000001,3212,175166,463296,0)
2015-09-25 11:15:05,688 [ INFO] (TAPFileUpdate.java:765) - Execute insert TapFileDetail :INSERT INTO TAPFILEDETAIL(FILEID,TYPE,VLR,DIRECTION,CDRCOUNT,TOTALUSAGE,TOTALAMOUNT,AREAREFERENCE,ORIGINALUPLOAD,ORIGINALDOWNLOAD,ORIGINALDURATION) VALUES(274,0,'6618',129,1,2,9.6302,3212,0,0,70)
2015-09-25 11:15:05,702 [ INFO] (TAPFileUpdate.java:478) - Processing File CDTHAASHKGBM02794.1236624780...
2015-09-25 11:15:05,715 [ INFO] (TAPFileUpdate.java:684) - Execute query  TAPFileID:SELECT TAPFILE_ID.NEXTVAL TAPFILE_ID FROM DUAL
2015-09-25 11:15:05,748 [ INFO] (TAPFileUpdate.java:713) - updateTapFile ...
2015-09-25 11:15:05,754 [ INFO] (TAPFileUpdate.java:722) - Execute insert TapFile :INSERT INTO TAPFILE(FILEID,FILENAME,CDRCOUNT,PROCESSTIME) VALUES(275,'CDTHAASHKGBM02794.1236624780',2, to_date('20150925111500','yyyyMMddhh24miss'))
2015-09-25 11:15:05,768 [ INFO] (TAPFileUpdate.java:740) - updateTAPFileDetail ...
2015-09-25 11:15:05,773 [ INFO] (TAPFileUpdate.java:765) - Execute insert TapFileDetail :INSERT INTO TAPFILEDETAIL(FILEID,TYPE,VLR,DIRECTION,CDRCOUNT,TOTALUSAGE,TOTALAMOUNT,AREAREFERENCE,ORIGINALUPLOAD,ORIGINALDOWNLOAD,ORIGINALDURATION) VALUES(275,0,'6618',129,2,2,9.6296,3212,0,0,90)
2015-09-25 11:15:05,790 [ INFO] (TAPFileUpdate.java:478) - Processing File CDTHAASHKGBM02795.4070608896...
2015-09-25 11:15:05,796 [ INFO] (TAPFileUpdate.java:684) - Execute query  TAPFileID:SELECT TAPFILE_ID.NEXTVAL TAPFILE_ID FROM DUAL
2015-09-25 11:15:05,828 [ INFO] (TAPFileUpdate.java:713) - updateTapFile ...
2015-09-25 11:15:05,836 [ INFO] (TAPFileUpdate.java:722) - Execute insert TapFile :INSERT INTO TAPFILE(FILEID,FILENAME,CDRCOUNT,PROCESSTIME) VALUES(276,'CDTHAASHKGBM02795.4070608896',1, to_date('20150925111500','yyyyMMddhh24miss'))
2015-09-25 11:15:05,849 [ INFO] (TAPFileUpdate.java:740) - updateTAPFileDetail ...
2015-09-25 11:15:05,856 [ INFO] (TAPFileUpdate.java:765) - Execute insert TapFileDetail :INSERT INTO TAPFILEDETAIL(FILEID,TYPE,VLR,DIRECTION,CDRCOUNT,TOTALUSAGE,TOTALAMOUNT,AREAREFERENCE,ORIGINALUPLOAD,ORIGINALDOWNLOAD,ORIGINALDURATION) VALUES(276,53,'6618',128,1,141,0.4423,3212,31553,112021,0)
2015-09-25 11:15:05,870 [ INFO] (TAPFileUpdate.java:478) - Processing File CDTHAASHKGBM02796.2611518325...
2015-09-25 11:15:05,879 [ INFO] (TAPFileUpdate.java:684) - Execute query  TAPFileID:SELECT TAPFILE_ID.NEXTVAL TAPFILE_ID FROM DUAL
2015-09-25 11:15:05,910 [ INFO] (TAPFileUpdate.java:713) - updateTapFile ...
2015-09-25 11:15:05,916 [ INFO] (TAPFileUpdate.java:722) - Execute insert TapFile :INSERT INTO TAPFILE(FILEID,FILENAME,CDRCOUNT,PROCESSTIME) VALUES(277,'CDTHAASHKGBM02796.2611518325',1, to_date('20150925111500','yyyyMMddhh24miss'))
2015-09-25 11:15:05,931 [ INFO] (TAPFileUpdate.java:740) - updateTAPFileDetail ...
2015-09-25 11:15:05,936 [ INFO] (TAPFileUpdate.java:765) - Execute insert TapFileDetail :INSERT INTO TAPFILEDETAIL(FILEID,TYPE,VLR,DIRECTION,CDRCOUNT,TOTALUSAGE,TOTALAMOUNT,AREAREFERENCE,ORIGINALUPLOAD,ORIGINALDOWNLOAD,ORIGINALDURATION) VALUES(277,0,'6618',129,1,1,0.0,3212,0,0,1)
2015-09-25 11:15:05,950 [ INFO] (TAPFileUpdate.java:478) - Processing File CDTHAASHKGBM02797.4294967295...
2015-09-25 11:15:05,956 [ INFO] (TAPFileUpdate.java:684) - Execute query  TAPFileID:SELECT TAPFILE_ID.NEXTVAL TAPFILE_ID FROM DUAL
2015-09-25 11:15:05,987 [ INFO] (TAPFileUpdate.java:713) - updateTapFile ...
2015-09-25 11:15:05,993 [ INFO] (TAPFileUpdate.java:722) - Execute insert TapFile :INSERT INTO TAPFILE(FILEID,FILENAME,CDRCOUNT,PROCESSTIME) VALUES(278,'CDTHAASHKGBM02797.4294967295',0, to_date('20150925111500','yyyyMMddhh24miss'))
2015-09-25 11:15:06,020 [ INFO] (TAPFileUpdate.java:740) - updateTAPFileDetail ...
2015-09-25 11:15:06,031 [ INFO] (TAPFileUpdate.java:478) - Processing File CDTHAASHKGBM02798.4294967295...
2015-09-25 11:15:06,037 [ INFO] (TAPFileUpdate.java:684) - Execute query  TAPFileID:SELECT TAPFILE_ID.NEXTVAL TAPFILE_ID FROM DUAL
2015-09-25 11:15:06,068 [ INFO] (TAPFileUpdate.java:713) - updateTapFile ...
2015-09-25 11:15:06,074 [ INFO] (TAPFileUpdate.java:722) - Execute insert TapFile :INSERT INTO TAPFILE(FILEID,FILENAME,CDRCOUNT,PROCESSTIME) VALUES(279,'CDTHAASHKGBM02798.4294967295',0, to_date('20150925111500','yyyyMMddhh24miss'))
2015-09-25 11:15:06,087 [ INFO] (TAPFileUpdate.java:740) - updateTAPFileDetail ...
2015-09-25 11:15:06,098 [ INFO] (TAPFileUpdate.java:478) - Processing File CDTHAASHKGBM02799.4294967295...
2015-09-25 11:15:06,104 [ INFO] (TAPFileUpdate.java:684) - Execute query  TAPFileID:SELECT TAPFILE_ID.NEXTVAL TAPFILE_ID FROM DUAL
2015-09-25 11:15:06,138 [ INFO] (TAPFileUpdate.java:713) - updateTapFile ...
2015-09-25 11:15:06,144 [ INFO] (TAPFileUpdate.java:722) - Execute insert TapFile :INSERT INTO TAPFILE(FILEID,FILENAME,CDRCOUNT,PROCESSTIME) VALUES(280,'CDTHAASHKGBM02799.4294967295',0, to_date('20150925111500','yyyyMMddhh24miss'))
2015-09-25 11:15:06,157 [ INFO] (TAPFileUpdate.java:740) - updateTAPFileDetail ...
2015-09-25 11:15:06,169 [ INFO] (TAPFileUpdate.java:478) - Processing File CDTHAASHKGBM02800.3097851869...
2015-09-25 11:15:06,181 [ INFO] (TAPFileUpdate.java:684) - Execute query  TAPFileID:SELECT TAPFILE_ID.NEXTVAL TAPFILE_ID FROM DUAL
2015-09-25 11:15:06,212 [ INFO] (TAPFileUpdate.java:713) - updateTapFile ...
2015-09-25 11:15:06,217 [ INFO] (TAPFileUpdate.java:722) - Execute insert TapFile :INSERT INTO TAPFILE(FILEID,FILENAME,CDRCOUNT,PROCESSTIME) VALUES(281,'CDTHAASHKGBM02800.3097851869',2, to_date('20150925111500','yyyyMMddhh24miss'))
2015-09-25 11:15:06,231 [ INFO] (TAPFileUpdate.java:740) - updateTAPFileDetail ...
2015-09-25 11:15:06,236 [ INFO] (TAPFileUpdate.java:765) - Execute insert TapFileDetail :INSERT INTO TAPFILEDETAIL(FILEID,TYPE,VLR,DIRECTION,CDRCOUNT,TOTALUSAGE,TOTALAMOUNT,AREAREFERENCE,ORIGINALUPLOAD,ORIGINALDOWNLOAD,ORIGINALDURATION) VALUES(281,0,'6618',129,2,2,9.6296,3212,0,0,75)
2015-09-25 11:15:06,250 [ INFO] (TAPFileUpdate.java:478) - Processing File CDTHAASHKGBM02801.4022264754...
2015-09-25 11:15:06,259 [ INFO] (TAPFileUpdate.java:684) - Execute query  TAPFileID:SELECT TAPFILE_ID.NEXTVAL TAPFILE_ID FROM DUAL
2015-09-25 11:15:06,291 [ INFO] (TAPFileUpdate.java:713) - updateTapFile ...
2015-09-25 11:15:06,297 [ INFO] (TAPFileUpdate.java:722) - Execute insert TapFile :INSERT INTO TAPFILE(FILEID,FILENAME,CDRCOUNT,PROCESSTIME) VALUES(282,'CDTHAASHKGBM02801.4022264754',1, to_date('20150925111500','yyyyMMddhh24miss'))
2015-09-25 11:15:06,314 [ INFO] (TAPFileUpdate.java:740) - updateTAPFileDetail ...
2015-09-25 11:15:06,321 [ INFO] (TAPFileUpdate.java:765) - Execute insert TapFileDetail :INSERT INTO TAPFILEDETAIL(FILEID,TYPE,VLR,DIRECTION,CDRCOUNT,TOTALUSAGE,TOTALAMOUNT,AREAREFERENCE,ORIGINALUPLOAD,ORIGINALDOWNLOAD,ORIGINALDURATION) VALUES(282,0,'6618',129,1,2,9.6302,3212,0,0,94)
2015-09-25 11:15:06,335 [ INFO] (TAPFileUpdate.java:478) - Processing File CDTHAASHKGBM02802.3809187703...
2015-09-25 11:15:06,343 [ INFO] (TAPFileUpdate.java:684) - Execute query  TAPFileID:SELECT TAPFILE_ID.NEXTVAL TAPFILE_ID FROM DUAL
2015-09-25 11:15:06,374 [ INFO] (TAPFileUpdate.java:713) - updateTapFile ...
2015-09-25 11:15:06,380 [ INFO] (TAPFileUpdate.java:722) - Execute insert TapFile :INSERT INTO TAPFILE(FILEID,FILENAME,CDRCOUNT,PROCESSTIME) VALUES(283,'CDTHAASHKGBM02802.3809187703',1, to_date('20150925111500','yyyyMMddhh24miss'))
2015-09-25 11:15:06,394 [ INFO] (TAPFileUpdate.java:740) - updateTAPFileDetail ...
2015-09-25 11:15:06,399 [ INFO] (TAPFileUpdate.java:765) - Execute insert TapFileDetail :INSERT INTO TAPFILEDETAIL(FILEID,TYPE,VLR,DIRECTION,CDRCOUNT,TOTALUSAGE,TOTALAMOUNT,AREAREFERENCE,ORIGINALUPLOAD,ORIGINALDOWNLOAD,ORIGINALDURATION) VALUES(283,0,'6618',129,1,1,4.8148,3212,0,0,12)
2015-09-25 11:15:06,415 [ INFO] (TAPFileUpdate.java:478) - Processing File CDTHAASHKGBM02803.4294967295...
2015-09-25 11:15:06,421 [ INFO] (TAPFileUpdate.java:684) - Execute query  TAPFileID:SELECT TAPFILE_ID.NEXTVAL TAPFILE_ID FROM DUAL
2015-09-25 11:15:06,453 [ INFO] (TAPFileUpdate.java:713) - updateTapFile ...
2015-09-25 11:15:06,459 [ INFO] (TAPFileUpdate.java:722) - Execute insert TapFile :INSERT INTO TAPFILE(FILEID,FILENAME,CDRCOUNT,PROCESSTIME) VALUES(284,'CDTHAASHKGBM02803.4294967295',0, to_date('20150925111500','yyyyMMddhh24miss'))
2015-09-25 11:15:06,473 [ INFO] (TAPFileUpdate.java:740) - updateTAPFileDetail ...
2015-09-25 11:15:06,486 [ INFO] (TAPFileUpdate.java:478) - Processing File CDTHAASHKGBM02804.4294967295...
2015-09-25 11:15:06,492 [ INFO] (TAPFileUpdate.java:684) - Execute query  TAPFileID:SELECT TAPFILE_ID.NEXTVAL TAPFILE_ID FROM DUAL
2015-09-25 11:15:06,525 [ INFO] (TAPFileUpdate.java:713) - updateTapFile ...
2015-09-25 11:15:06,531 [ INFO] (TAPFileUpdate.java:722) - Execute insert TapFile :INSERT INTO TAPFILE(FILEID,FILENAME,CDRCOUNT,PROCESSTIME) VALUES(285,'CDTHAASHKGBM02804.4294967295',0, to_date('20150925111500','yyyyMMddhh24miss'))
2015-09-25 11:15:06,545 [ INFO] (TAPFileUpdate.java:740) - updateTAPFileDetail ...
2015-09-25 11:15:06,556 [ INFO] (TAPFileUpdate.java:478) - Processing File CDTHAWNHKGBM00879.2736886549...
2015-09-25 11:15:06,571 [ INFO] (TAPFileUpdate.java:684) - Execute query  TAPFileID:SELECT TAPFILE_ID.NEXTVAL TAPFILE_ID FROM DUAL
2015-09-25 11:15:06,602 [ INFO] (TAPFileUpdate.java:713) - updateTapFile ...
2015-09-25 11:15:06,609 [ INFO] (TAPFileUpdate.java:722) - Execute insert TapFile :INSERT INTO TAPFILE(FILEID,FILENAME,CDRCOUNT,PROCESSTIME) VALUES(286,'CDTHAWNHKGBM00879.2736886549',14, to_date('20150925111500','yyyyMMddhh24miss'))
2015-09-25 11:15:06,623 [ INFO] (TAPFileUpdate.java:740) - updateTAPFileDetail ...
2015-09-25 11:15:06,629 [ INFO] (TAPFileUpdate.java:765) - Execute insert TapFileDetail :INSERT INTO TAPFILEDETAIL(FILEID,TYPE,VLR,DIRECTION,CDRCOUNT,TOTALUSAGE,TOTALAMOUNT,AREAREFERENCE,ORIGINALUPLOAD,ORIGINALDOWNLOAD,ORIGINALDURATION) VALUES(286,0,'66923',128,1,1,4.2799,4577,0,0,6)
2015-09-25 11:15:06,637 [ INFO] (TAPFileUpdate.java:765) - Execute insert TapFileDetail :INSERT INTO TAPFILEDETAIL(FILEID,TYPE,VLR,DIRECTION,CDRCOUNT,TOTALUSAGE,TOTALAMOUNT,AREAREFERENCE,ORIGINALUPLOAD,ORIGINALDOWNLOAD,ORIGINALDURATION) VALUES(286,53,'66923',128,11,42587,133.51159999999996,4577,3734171,39870808,0)
2015-09-25 11:15:06,645 [ INFO] (TAPFileUpdate.java:765) - Execute insert TapFileDetail :INSERT INTO TAPFILEDETAIL(FILEID,TYPE,VLR,DIRECTION,CDRCOUNT,TOTALUSAGE,TOTALAMOUNT,AREAREFERENCE,ORIGINALUPLOAD,ORIGINALDOWNLOAD,ORIGINALDURATION) VALUES(286,0,'66923',129,2,2,4.8148,4577,0,0,13)
2015-09-25 11:15:06,659 [ INFO] (TAPFileUpdate.java:478) - Processing File CDTHAWNHKGBM00880.1363402983...
2015-09-25 11:15:06,687 [ INFO] (TAPFileUpdate.java:684) - Execute query  TAPFileID:SELECT TAPFILE_ID.NEXTVAL TAPFILE_ID FROM DUAL
2015-09-25 11:15:06,728 [ INFO] (TAPFileUpdate.java:713) - updateTapFile ...
2015-09-25 11:15:06,733 [ INFO] (TAPFileUpdate.java:722) - Execute insert TapFile :INSERT INTO TAPFILE(FILEID,FILENAME,CDRCOUNT,PROCESSTIME) VALUES(287,'CDTHAWNHKGBM00880.1363402983',25, to_date('20150925111500','yyyyMMddhh24miss'))
2015-09-25 11:15:06,747 [ INFO] (TAPFileUpdate.java:740) - updateTAPFileDetail ...
2015-09-25 11:15:06,752 [ INFO] (TAPFileUpdate.java:765) - Execute insert TapFileDetail :INSERT INTO TAPFILEDETAIL(FILEID,TYPE,VLR,DIRECTION,CDRCOUNT,TOTALUSAGE,TOTALAMOUNT,AREAREFERENCE,ORIGINALUPLOAD,ORIGINALDOWNLOAD,ORIGINALDURATION) VALUES(287,3,'66923',128,4,4,19.2592,4577,0,0,0)
2015-09-25 11:15:06,761 [ INFO] (TAPFileUpdate.java:765) - Execute insert TapFileDetail :INSERT INTO TAPFILEDETAIL(FILEID,TYPE,VLR,DIRECTION,CDRCOUNT,TOTALUSAGE,TOTALAMOUNT,AREAREFERENCE,ORIGINALUPLOAD,ORIGINALDOWNLOAD,ORIGINALDURATION) VALUES(287,0,'66923',128,6,7,33.70419999999999,4577,0,0,208)
2015-09-25 11:15:06,769 [ INFO] (TAPFileUpdate.java:765) - Execute insert TapFileDetail :INSERT INTO TAPFILEDETAIL(FILEID,TYPE,VLR,DIRECTION,CDRCOUNT,TOTALUSAGE,TOTALAMOUNT,AREAREFERENCE,ORIGINALUPLOAD,ORIGINALDOWNLOAD,ORIGINALDURATION) VALUES(287,53,'66923',128,8,939,2.9429999999999996,4577,214270,742433,0)
2015-09-25 11:15:06,777 [ INFO] (TAPFileUpdate.java:765) - Execute insert TapFileDetail :INSERT INTO TAPFILEDETAIL(FILEID,TYPE,VLR,DIRECTION,CDRCOUNT,TOTALUSAGE,TOTALAMOUNT,AREAREFERENCE,ORIGINALUPLOAD,ORIGINALDOWNLOAD,ORIGINALDURATION) VALUES(287,0,'66923',129,7,8,38.51899999999999,4577,0,0,131)
2015-09-25 11:15:06,791 [ INFO] (TAPFileUpdate.java:478) - Processing File CDTHAWNHKGBM00881.1066679764...
2015-09-25 11:15:06,825 [ INFO] (TAPFileUpdate.java:684) - Execute query  TAPFileID:SELECT TAPFILE_ID.NEXTVAL TAPFILE_ID FROM DUAL
2015-09-25 11:15:06,856 [ INFO] (TAPFileUpdate.java:713) - updateTapFile ...
2015-09-25 11:15:06,861 [ INFO] (TAPFileUpdate.java:722) - Execute insert TapFile :INSERT INTO TAPFILE(FILEID,FILENAME,CDRCOUNT,PROCESSTIME) VALUES(288,'CDTHAWNHKGBM00881.1066679764',14, to_date('20150925111500','yyyyMMddhh24miss'))
2015-09-25 11:15:06,875 [ INFO] (TAPFileUpdate.java:740) - updateTAPFileDetail ...
2015-09-25 11:15:06,883 [ INFO] (TAPFileUpdate.java:765) - Execute insert TapFileDetail :INSERT INTO TAPFILEDETAIL(FILEID,TYPE,VLR,DIRECTION,CDRCOUNT,TOTALUSAGE,TOTALAMOUNT,AREAREFERENCE,ORIGINALUPLOAD,ORIGINALDOWNLOAD,ORIGINALDURATION) VALUES(288,3,'66923',128,1,1,4.8148,4577,0,0,0)
2015-09-25 11:15:06,893 [ INFO] (TAPFileUpdate.java:765) - Execute insert TapFileDetail :INSERT INTO TAPFILEDETAIL(FILEID,TYPE,VLR,DIRECTION,CDRCOUNT,TOTALUSAGE,TOTALAMOUNT,AREAREFERENCE,ORIGINALUPLOAD,ORIGINALDOWNLOAD,ORIGINALDURATION) VALUES(288,0,'66923',128,3,7,78.11009999999999,4577,0,0,288)
2015-09-25 11:15:06,902 [ INFO] (TAPFileUpdate.java:765) - Execute insert TapFileDetail :INSERT INTO TAPFILEDETAIL(FILEID,TYPE,VLR,DIRECTION,CDRCOUNT,TOTALUSAGE,TOTALAMOUNT,AREAREFERENCE,ORIGINALUPLOAD,ORIGINALDOWNLOAD,ORIGINALDURATION) VALUES(288,53,'66923',128,1,266,0.8338,4577,62638,209059,0)
2015-09-25 11:15:06,910 [ INFO] (TAPFileUpdate.java:765) - Execute insert TapFileDetail :INSERT INTO TAPFILEDETAIL(FILEID,TYPE,VLR,DIRECTION,CDRCOUNT,TOTALUSAGE,TOTALAMOUNT,AREAREFERENCE,ORIGINALUPLOAD,ORIGINALDOWNLOAD,ORIGINALDURATION) VALUES(288,0,'66923',129,9,40,187.7843,4577,0,0,2048)
2015-09-25 11:15:06,924 [ INFO] (TAPFileUpdate.java:478) - Processing File CDTHAWNHKGBM00882.1660960257...
2015-09-25 11:15:06,991 [ INFO] (TAPFileUpdate.java:684) - Execute query  TAPFileID:SELECT TAPFILE_ID.NEXTVAL TAPFILE_ID FROM DUAL
2015-09-25 11:15:07,021 [ INFO] (TAPFileUpdate.java:713) - updateTapFile ...
2015-09-25 11:15:07,027 [ INFO] (TAPFileUpdate.java:722) - Execute insert TapFile :INSERT INTO TAPFILE(FILEID,FILENAME,CDRCOUNT,PROCESSTIME) VALUES(289,'CDTHAWNHKGBM00882.1660960257',37, to_date('20150925111500','yyyyMMddhh24miss'))
2015-09-25 11:15:07,041 [ INFO] (TAPFileUpdate.java:740) - updateTAPFileDetail ...
2015-09-25 11:15:07,047 [ INFO] (TAPFileUpdate.java:765) - Execute insert TapFileDetail :INSERT INTO TAPFILEDETAIL(FILEID,TYPE,VLR,DIRECTION,CDRCOUNT,TOTALUSAGE,TOTALAMOUNT,AREAREFERENCE,ORIGINALUPLOAD,ORIGINALDOWNLOAD,ORIGINALDURATION) VALUES(289,3,'66923',128,3,3,14.4444,4577,0,0,0)
2015-09-25 11:15:07,064 [ INFO] (TAPFileUpdate.java:765) - Execute insert TapFileDetail :INSERT INTO TAPFILEDETAIL(FILEID,TYPE,VLR,DIRECTION,CDRCOUNT,TOTALUSAGE,TOTALAMOUNT,AREAREFERENCE,ORIGINALUPLOAD,ORIGINALDOWNLOAD,ORIGINALDURATION) VALUES(289,0,'66923',128,7,27,796.0795,4577,0,0,1413)
2015-09-25 11:15:07,083 [ INFO] (TAPFileUpdate.java:765) - Execute insert TapFileDetail :INSERT INTO TAPFILEDETAIL(FILEID,TYPE,VLR,DIRECTION,CDRCOUNT,TOTALUSAGE,TOTALAMOUNT,AREAREFERENCE,ORIGINALUPLOAD,ORIGINALDOWNLOAD,ORIGINALDURATION) VALUES(289,53,'66923',128,5,1081,3.3880999999999997,4577,133695,970553,0)
2015-09-25 11:15:07,101 [ INFO] (TAPFileUpdate.java:765) - Execute insert TapFileDetail :INSERT INTO TAPFILEDETAIL(FILEID,TYPE,VLR,DIRECTION,CDRCOUNT,TOTALUSAGE,TOTALAMOUNT,AREAREFERENCE,ORIGINALUPLOAD,ORIGINALDOWNLOAD,ORIGINALDURATION) VALUES(289,0,'66923',129,22,58,207.0432,4577,0,0,2640)
2015-09-25 11:15:07,115 [ INFO] (TAPFileUpdate.java:478) - Processing File CDTHAWNHKGBM00883.3046614413...
2015-09-25 11:15:07,198 [ INFO] (TAPFileUpdate.java:684) - Execute query  TAPFileID:SELECT TAPFILE_ID.NEXTVAL TAPFILE_ID FROM DUAL
2015-09-25 11:15:07,538 [ INFO] (TAPFileUpdate.java:713) - updateTapFile ...
2015-09-25 11:15:07,624 [ INFO] (TAPFileUpdate.java:722) - Execute insert TapFile :INSERT INTO TAPFILE(FILEID,FILENAME,CDRCOUNT,PROCESSTIME) VALUES(290,'CDTHAWNHKGBM00883.3046614413',21, to_date('20150925111500','yyyyMMddhh24miss'))
2015-09-25 11:15:07,772 [ INFO] (TAPFileUpdate.java:740) - updateTAPFileDetail ...
2015-09-25 11:15:07,779 [ INFO] (TAPFileUpdate.java:765) - Execute insert TapFileDetail :INSERT INTO TAPFILEDETAIL(FILEID,TYPE,VLR,DIRECTION,CDRCOUNT,TOTALUSAGE,TOTALAMOUNT,AREAREFERENCE,ORIGINALUPLOAD,ORIGINALDOWNLOAD,ORIGINALDURATION) VALUES(290,3,'66923',128,4,4,19.2592,4577,0,0,0)
2015-09-25 11:15:07,809 [ INFO] (TAPFileUpdate.java:765) - Execute insert TapFileDetail :INSERT INTO TAPFILEDETAIL(FILEID,TYPE,VLR,DIRECTION,CDRCOUNT,TOTALUSAGE,TOTALAMOUNT,AREAREFERENCE,ORIGINALUPLOAD,ORIGINALDOWNLOAD,ORIGINALDURATION) VALUES(290,0,'66923',128,3,3,14.4444,4577,0,0,81)
2015-09-25 11:15:07,904 [ INFO] (TAPFileUpdate.java:765) - Execute insert TapFileDetail :INSERT INTO TAPFILEDETAIL(FILEID,TYPE,VLR,DIRECTION,CDRCOUNT,TOTALUSAGE,TOTALAMOUNT,AREAREFERENCE,ORIGINALUPLOAD,ORIGINALDOWNLOAD,ORIGINALDURATION) VALUES(290,53,'66923',128,2,17993,56.41,4577,1215041,17208046,0)
2015-09-25 11:15:07,922 [ INFO] (TAPFileUpdate.java:765) - Execute insert TapFileDetail :INSERT INTO TAPFILEDETAIL(FILEID,TYPE,VLR,DIRECTION,CDRCOUNT,TOTALUSAGE,TOTALAMOUNT,AREAREFERENCE,ORIGINALUPLOAD,ORIGINALDOWNLOAD,ORIGINALDURATION) VALUES(290,0,'66923',129,12,41,197.41389999999996,4577,0,0,1877)
2015-09-25 11:15:08,077 [ INFO] (TAPFileUpdate.java:478) - Processing File CDTHAWNHKGBM00884.2002369777...
2015-09-25 11:15:08,175 [ INFO] (TAPFileUpdate.java:684) - Execute query  TAPFileID:SELECT TAPFILE_ID.NEXTVAL TAPFILE_ID FROM DUAL
2015-09-25 11:15:08,822 [ INFO] (TAPFileUpdate.java:713) - updateTapFile ...
2015-09-25 11:15:08,853 [ INFO] (TAPFileUpdate.java:722) - Execute insert TapFile :INSERT INTO TAPFILE(FILEID,FILENAME,CDRCOUNT,PROCESSTIME) VALUES(291,'CDTHAWNHKGBM00884.2002369777',44, to_date('20150925111500','yyyyMMddhh24miss'))
2015-09-25 11:15:08,920 [ INFO] (TAPFileUpdate.java:740) - updateTAPFileDetail ...
2015-09-25 11:15:08,938 [ INFO] (TAPFileUpdate.java:765) - Execute insert TapFileDetail :INSERT INTO TAPFILEDETAIL(FILEID,TYPE,VLR,DIRECTION,CDRCOUNT,TOTALUSAGE,TOTALAMOUNT,AREAREFERENCE,ORIGINALUPLOAD,ORIGINALDOWNLOAD,ORIGINALDURATION) VALUES(291,3,'66923',128,8,8,38.51839999999999,4577,0,0,0)
2015-09-25 11:15:08,954 [ INFO] (TAPFileUpdate.java:765) - Execute insert TapFileDetail :INSERT INTO TAPFILEDETAIL(FILEID,TYPE,VLR,DIRECTION,CDRCOUNT,TOTALUSAGE,TOTALAMOUNT,AREAREFERENCE,ORIGINALUPLOAD,ORIGINALDOWNLOAD,ORIGINALDURATION) VALUES(291,0,'66923',128,1,5,246.1001,4577,0,0,297)
2015-09-25 11:15:08,978 [ INFO] (TAPFileUpdate.java:765) - Execute insert TapFileDetail :INSERT INTO TAPFILEDETAIL(FILEID,TYPE,VLR,DIRECTION,CDRCOUNT,TOTALUSAGE,TOTALAMOUNT,AREAREFERENCE,ORIGINALUPLOAD,ORIGINALDOWNLOAD,ORIGINALDURATION) VALUES(291,53,'66923',128,15,59737,187.2779,4577,7191773,53969825,0)
2015-09-25 11:15:09,295 [ INFO] (TAPFileUpdate.java:765) - Execute insert TapFileDetail :INSERT INTO TAPFILEDETAIL(FILEID,TYPE,VLR,DIRECTION,CDRCOUNT,TOTALUSAGE,TOTALAMOUNT,AREAREFERENCE,ORIGINALUPLOAD,ORIGINALDOWNLOAD,ORIGINALDURATION) VALUES(291,0,'66923',129,20,88,399.6436,4577,0,0,4842)
2015-09-25 11:15:09,322 [ INFO] (TAPFileUpdate.java:478) - Processing File CDTHAWNHKGBM00885.1717092505...
2015-09-25 11:15:09,355 [ INFO] (TAPFileUpdate.java:684) - Execute query  TAPFileID:SELECT TAPFILE_ID.NEXTVAL TAPFILE_ID FROM DUAL
2015-09-25 11:15:09,401 [ INFO] (TAPFileUpdate.java:713) - updateTapFile ...
2015-09-25 11:15:09,407 [ INFO] (TAPFileUpdate.java:722) - Execute insert TapFile :INSERT INTO TAPFILE(FILEID,FILENAME,CDRCOUNT,PROCESSTIME) VALUES(292,'CDTHAWNHKGBM00885.1717092505',20, to_date('20150925111500','yyyyMMddhh24miss'))
2015-09-25 11:15:09,420 [ INFO] (TAPFileUpdate.java:740) - updateTAPFileDetail ...
2015-09-25 11:15:09,426 [ INFO] (TAPFileUpdate.java:765) - Execute insert TapFileDetail :INSERT INTO TAPFILEDETAIL(FILEID,TYPE,VLR,DIRECTION,CDRCOUNT,TOTALUSAGE,TOTALAMOUNT,AREAREFERENCE,ORIGINALUPLOAD,ORIGINALDOWNLOAD,ORIGINALDURATION) VALUES(292,3,'66923',128,4,4,19.2592,4577,0,0,0)
2015-09-25 11:15:09,434 [ INFO] (TAPFileUpdate.java:765) - Execute insert TapFileDetail :INSERT INTO TAPFILEDETAIL(FILEID,TYPE,VLR,DIRECTION,CDRCOUNT,TOTALUSAGE,TOTALAMOUNT,AREAREFERENCE,ORIGINALUPLOAD,ORIGINALDOWNLOAD,ORIGINALDURATION) VALUES(292,0,'66923',128,2,6,28.8902,4577,0,0,273)
2015-09-25 11:15:09,443 [ INFO] (TAPFileUpdate.java:765) - Execute insert TapFileDetail :INSERT INTO TAPFILEDETAIL(FILEID,TYPE,VLR,DIRECTION,CDRCOUNT,TOTALUSAGE,TOTALAMOUNT,AREAREFERENCE,ORIGINALUPLOAD,ORIGINALDOWNLOAD,ORIGINALDURATION) VALUES(292,53,'66923',128,4,157450,493.6217,4577,8793177,152434687,0)
2015-09-25 11:15:09,451 [ INFO] (TAPFileUpdate.java:765) - Execute insert TapFileDetail :INSERT INTO TAPFILEDETAIL(FILEID,TYPE,VLR,DIRECTION,CDRCOUNT,TOTALUSAGE,TOTALAMOUNT,AREAREFERENCE,ORIGINALUPLOAD,ORIGINALDOWNLOAD,ORIGINALDURATION) VALUES(292,0,'66923',129,10,28,134.8199,4577,0,0,1243)
2015-09-25 11:15:09,465 [ INFO] (TAPFileUpdate.java:478) - Processing File CDTHAWNHKGBM00886.3341484525...
2015-09-25 11:15:09,519 [ INFO] (TAPFileUpdate.java:684) - Execute query  TAPFileID:SELECT TAPFILE_ID.NEXTVAL TAPFILE_ID FROM DUAL
2015-09-25 11:15:09,549 [ INFO] (TAPFileUpdate.java:713) - updateTapFile ...
2015-09-25 11:15:09,555 [ INFO] (TAPFileUpdate.java:722) - Execute insert TapFile :INSERT INTO TAPFILE(FILEID,FILENAME,CDRCOUNT,PROCESSTIME) VALUES(293,'CDTHAWNHKGBM00886.3341484525',27, to_date('20150925111500','yyyyMMddhh24miss'))
2015-09-25 11:15:09,570 [ INFO] (TAPFileUpdate.java:740) - updateTAPFileDetail ...
2015-09-25 11:15:09,575 [ INFO] (TAPFileUpdate.java:765) - Execute insert TapFileDetail :INSERT INTO TAPFILEDETAIL(FILEID,TYPE,VLR,DIRECTION,CDRCOUNT,TOTALUSAGE,TOTALAMOUNT,AREAREFERENCE,ORIGINALUPLOAD,ORIGINALDOWNLOAD,ORIGINALDURATION) VALUES(293,0,'66923',128,5,5,112.8844,4577,0,0,114)
2015-09-25 11:15:09,584 [ INFO] (TAPFileUpdate.java:765) - Execute insert TapFileDetail :INSERT INTO TAPFILEDETAIL(FILEID,TYPE,VLR,DIRECTION,CDRCOUNT,TOTALUSAGE,TOTALAMOUNT,AREAREFERENCE,ORIGINALUPLOAD,ORIGINALDOWNLOAD,ORIGINALDURATION) VALUES(293,53,'66923',128,6,65051,203.94150000000002,4577,6137045,60472445,0)
2015-09-25 11:15:09,592 [ INFO] (TAPFileUpdate.java:765) - Execute insert TapFileDetail :INSERT INTO TAPFILEDETAIL(FILEID,TYPE,VLR,DIRECTION,CDRCOUNT,TOTALUSAGE,TOTALAMOUNT,AREAREFERENCE,ORIGINALUPLOAD,ORIGINALDOWNLOAD,ORIGINALDURATION) VALUES(293,0,'66923',129,16,29,130.0036,4577,0,0,1246)
2015-09-25 11:15:09,606 [ INFO] (TAPFileUpdate.java:478) - Processing File CDTHAWNHKGBM00887.2674984891...
2015-09-25 11:15:09,639 [ INFO] (TAPFileUpdate.java:684) - Execute query  TAPFileID:SELECT TAPFILE_ID.NEXTVAL TAPFILE_ID FROM DUAL
2015-09-25 11:15:09,669 [ INFO] (TAPFileUpdate.java:713) - updateTapFile ...
2015-09-25 11:15:09,675 [ INFO] (TAPFileUpdate.java:722) - Execute insert TapFile :INSERT INTO TAPFILE(FILEID,FILENAME,CDRCOUNT,PROCESSTIME) VALUES(294,'CDTHAWNHKGBM00887.2674984891',13, to_date('20150925111500','yyyyMMddhh24miss'))
2015-09-25 11:15:09,689 [ INFO] (TAPFileUpdate.java:740) - updateTAPFileDetail ...
2015-09-25 11:15:09,695 [ INFO] (TAPFileUpdate.java:765) - Execute insert TapFileDetail :INSERT INTO TAPFILEDETAIL(FILEID,TYPE,VLR,DIRECTION,CDRCOUNT,TOTALUSAGE,TOTALAMOUNT,AREAREFERENCE,ORIGINALUPLOAD,ORIGINALDOWNLOAD,ORIGINALDURATION) VALUES(294,0,'66923',128,2,2,9.0947,4577,0,0,52)
2015-09-25 11:15:09,703 [ INFO] (TAPFileUpdate.java:765) - Execute insert TapFileDetail :INSERT INTO TAPFILEDETAIL(FILEID,TYPE,VLR,DIRECTION,CDRCOUNT,TOTALUSAGE,TOTALAMOUNT,AREAREFERENCE,ORIGINALUPLOAD,ORIGINALDOWNLOAD,ORIGINALDURATION) VALUES(294,53,'66923',128,1,98,0.3074,4577,43867,55747,0)
2015-09-25 11:15:09,711 [ INFO] (TAPFileUpdate.java:765) - Execute insert TapFileDetail :INSERT INTO TAPFILEDETAIL(FILEID,TYPE,VLR,DIRECTION,CDRCOUNT,TOTALUSAGE,TOTALAMOUNT,AREAREFERENCE,ORIGINALUPLOAD,ORIGINALDOWNLOAD,ORIGINALDURATION) VALUES(294,0,'66923',129,10,17,77.0399,4577,0,0,604)
2015-09-25 11:15:09,725 [ INFO] (TAPFileUpdate.java:478) - Processing File CDTHAWNHKGBM00888.3964264577...
2015-09-25 11:15:09,792 [ INFO] (TAPFileUpdate.java:684) - Execute query  TAPFileID:SELECT TAPFILE_ID.NEXTVAL TAPFILE_ID FROM DUAL
2015-09-25 11:15:09,823 [ INFO] (TAPFileUpdate.java:713) - updateTapFile ...
2015-09-25 11:15:09,831 [ INFO] (TAPFileUpdate.java:722) - Execute insert TapFile :INSERT INTO TAPFILE(FILEID,FILENAME,CDRCOUNT,PROCESSTIME) VALUES(295,'CDTHAWNHKGBM00888.3964264577',46, to_date('20150925111500','yyyyMMddhh24miss'))
2015-09-25 11:15:09,848 [ INFO] (TAPFileUpdate.java:740) - updateTAPFileDetail ...
2015-09-25 11:15:09,855 [ INFO] (TAPFileUpdate.java:765) - Execute insert TapFileDetail :INSERT INTO TAPFILEDETAIL(FILEID,TYPE,VLR,DIRECTION,CDRCOUNT,TOTALUSAGE,TOTALAMOUNT,AREAREFERENCE,ORIGINALUPLOAD,ORIGINALDOWNLOAD,ORIGINALDURATION) VALUES(295,3,'66923',128,5,5,24.073999999999998,4577,0,0,0)
2015-09-25 11:15:09,863 [ INFO] (TAPFileUpdate.java:765) - Execute insert TapFileDetail :INSERT INTO TAPFILEDETAIL(FILEID,TYPE,VLR,DIRECTION,CDRCOUNT,TOTALUSAGE,TOTALAMOUNT,AREAREFERENCE,ORIGINALUPLOAD,ORIGINALDOWNLOAD,ORIGINALDURATION) VALUES(295,0,'66923',128,4,5,24.074599999999997,4577,0,0,159)
2015-09-25 11:15:09,872 [ INFO] (TAPFileUpdate.java:765) - Execute insert TapFileDetail :INSERT INTO TAPFILEDETAIL(FILEID,TYPE,VLR,DIRECTION,CDRCOUNT,TOTALUSAGE,TOTALAMOUNT,AREAREFERENCE,ORIGINALUPLOAD,ORIGINALDOWNLOAD,ORIGINALDURATION) VALUES(295,53,'66923',128,14,27028,84.7351,4577,7784687,19885537,0)
2015-09-25 11:15:09,880 [ INFO] (TAPFileUpdate.java:765) - Execute insert TapFileDetail :INSERT INTO TAPFILEDETAIL(FILEID,TYPE,VLR,DIRECTION,CDRCOUNT,TOTALUSAGE,TOTALAMOUNT,AREAREFERENCE,ORIGINALUPLOAD,ORIGINALDOWNLOAD,ORIGINALDURATION) VALUES(295,0,'66923',129,23,84,404.45739999999984,4577,0,0,4344)
2015-09-25 11:15:09,894 [ INFO] (TAPFileUpdate.java:478) - Processing File CDTHAWNHKGBM00889.3676916605...
2015-09-25 11:15:09,939 [ INFO] (TAPFileUpdate.java:684) - Execute query  TAPFileID:SELECT TAPFILE_ID.NEXTVAL TAPFILE_ID FROM DUAL
2015-09-25 11:15:09,970 [ INFO] (TAPFileUpdate.java:713) - updateTapFile ...
2015-09-25 11:15:09,976 [ INFO] (TAPFileUpdate.java:722) - Execute insert TapFile :INSERT INTO TAPFILE(FILEID,FILENAME,CDRCOUNT,PROCESSTIME) VALUES(296,'CDTHAWNHKGBM00889.3676916605',32, to_date('20150925111500','yyyyMMddhh24miss'))
2015-09-25 11:15:09,989 [ INFO] (TAPFileUpdate.java:740) - updateTAPFileDetail ...
2015-09-25 11:15:09,995 [ INFO] (TAPFileUpdate.java:765) - Execute insert TapFileDetail :INSERT INTO TAPFILEDETAIL(FILEID,TYPE,VLR,DIRECTION,CDRCOUNT,TOTALUSAGE,TOTALAMOUNT,AREAREFERENCE,ORIGINALUPLOAD,ORIGINALDOWNLOAD,ORIGINALDURATION) VALUES(296,3,'66923',128,1,1,4.8148,4577,0,0,0)
2015-09-25 11:15:10,003 [ INFO] (TAPFileUpdate.java:765) - Execute insert TapFileDetail :INSERT INTO TAPFILEDETAIL(FILEID,TYPE,VLR,DIRECTION,CDRCOUNT,TOTALUSAGE,TOTALAMOUNT,AREAREFERENCE,ORIGINALUPLOAD,ORIGINALDOWNLOAD,ORIGINALDURATION) VALUES(296,0,'66923',128,1,1,4.8148,4577,0,0,28)
2015-09-25 11:15:10,012 [ INFO] (TAPFileUpdate.java:765) - Execute insert TapFileDetail :INSERT INTO TAPFILEDETAIL(FILEID,TYPE,VLR,DIRECTION,CDRCOUNT,TOTALUSAGE,TOTALAMOUNT,AREAREFERENCE,ORIGINALUPLOAD,ORIGINALDOWNLOAD,ORIGINALDURATION) VALUES(296,53,'66923',128,17,36914,115.72259999999999,4577,7553205,30237594,0)
2015-09-25 11:15:10,020 [ INFO] (TAPFileUpdate.java:765) - Execute insert TapFileDetail :INSERT INTO TAPFILEDETAIL(FILEID,TYPE,VLR,DIRECTION,CDRCOUNT,TOTALUSAGE,TOTALAMOUNT,AREAREFERENCE,ORIGINALUPLOAD,ORIGINALDOWNLOAD,ORIGINALDURATION) VALUES(296,0,'66923',129,13,30,144.44999999999996,4577,0,0,1254)
2015-09-25 11:15:10,036 [ INFO] (TAPFileUpdate.java:478) - Processing File CDTHAWNHKGBM00890.2411764995...
2015-09-25 11:15:10,088 [ INFO] (TAPFileUpdate.java:684) - Execute query  TAPFileID:SELECT TAPFILE_ID.NEXTVAL TAPFILE_ID FROM DUAL
2015-09-25 11:15:10,119 [ INFO] (TAPFileUpdate.java:713) - updateTapFile ...
2015-09-25 11:15:10,124 [ INFO] (TAPFileUpdate.java:722) - Execute insert TapFile :INSERT INTO TAPFILE(FILEID,FILENAME,CDRCOUNT,PROCESSTIME) VALUES(297,'CDTHAWNHKGBM00890.2411764995',26, to_date('20150925111500','yyyyMMddhh24miss'))
2015-09-25 11:15:10,138 [ INFO] (TAPFileUpdate.java:740) - updateTAPFileDetail ...
2015-09-25 11:15:10,144 [ INFO] (TAPFileUpdate.java:765) - Execute insert TapFileDetail :INSERT INTO TAPFILEDETAIL(FILEID,TYPE,VLR,DIRECTION,CDRCOUNT,TOTALUSAGE,TOTALAMOUNT,AREAREFERENCE,ORIGINALUPLOAD,ORIGINALDOWNLOAD,ORIGINALDURATION) VALUES(297,3,'66923',128,4,4,19.2592,4577,0,0,0)
2015-09-25 11:15:10,152 [ INFO] (TAPFileUpdate.java:765) - Execute insert TapFileDetail :INSERT INTO TAPFILEDETAIL(FILEID,TYPE,VLR,DIRECTION,CDRCOUNT,TOTALUSAGE,TOTALAMOUNT,AREAREFERENCE,ORIGINALUPLOAD,ORIGINALDOWNLOAD,ORIGINALDURATION) VALUES(297,0,'66923',128,6,13,195.8101,4577,0,0,589)
2015-09-25 11:15:10,162 [ INFO] (TAPFileUpdate.java:765) - Execute insert TapFileDetail :INSERT INTO TAPFILEDETAIL(FILEID,TYPE,VLR,DIRECTION,CDRCOUNT,TOTALUSAGE,TOTALAMOUNT,AREAREFERENCE,ORIGINALUPLOAD,ORIGINALDOWNLOAD,ORIGINALDURATION) VALUES(297,53,'66923',128,2,57152,179.17759999999998,4577,8965885,49556344,0)
2015-09-25 11:15:10,171 [ INFO] (TAPFileUpdate.java:765) - Execute insert TapFileDetail :INSERT INTO TAPFILEDETAIL(FILEID,TYPE,VLR,DIRECTION,CDRCOUNT,TOTALUSAGE,TOTALAMOUNT,AREAREFERENCE,ORIGINALUPLOAD,ORIGINALDOWNLOAD,ORIGINALDURATION) VALUES(297,0,'66923',129,14,20,81.85350000000001,4577,0,0,793)
2015-09-25 11:15:10,185 [ INFO] (TAPFileUpdate.java:478) - Processing File CDTHAWNHKGBM00891.1373929350...
2015-09-25 11:15:10,199 [ INFO] (TAPFileUpdate.java:684) - Execute query  TAPFileID:SELECT TAPFILE_ID.NEXTVAL TAPFILE_ID FROM DUAL
2015-09-25 11:15:10,230 [ INFO] (TAPFileUpdate.java:713) - updateTapFile ...
2015-09-25 11:15:10,236 [ INFO] (TAPFileUpdate.java:722) - Execute insert TapFile :INSERT INTO TAPFILE(FILEID,FILENAME,CDRCOUNT,PROCESSTIME) VALUES(298,'CDTHAWNHKGBM00891.1373929350',3, to_date('20150925111500','yyyyMMddhh24miss'))
2015-09-25 11:15:10,255 [ INFO] (TAPFileUpdate.java:740) - updateTAPFileDetail ...
2015-09-25 11:15:10,261 [ INFO] (TAPFileUpdate.java:765) - Execute insert TapFileDetail :INSERT INTO TAPFILEDETAIL(FILEID,TYPE,VLR,DIRECTION,CDRCOUNT,TOTALUSAGE,TOTALAMOUNT,AREAREFERENCE,ORIGINALUPLOAD,ORIGINALDOWNLOAD,ORIGINALDURATION) VALUES(298,0,'66923',129,3,4,19.2598,4577,0,0,175)
2015-09-25 11:15:10,276 [ INFO] (TAPFileUpdate.java:478) - Processing File CDTHAWNHKGBM00892.901211887...
2015-09-25 11:15:10,341 [ INFO] (TAPFileUpdate.java:684) - Execute query  TAPFileID:SELECT TAPFILE_ID.NEXTVAL TAPFILE_ID FROM DUAL
2015-09-25 11:15:10,379 [ INFO] (TAPFileUpdate.java:713) - updateTapFile ...
2015-09-25 11:15:10,385 [ INFO] (TAPFileUpdate.java:722) - Execute insert TapFile :INSERT INTO TAPFILE(FILEID,FILENAME,CDRCOUNT,PROCESSTIME) VALUES(299,'CDTHAWNHKGBM00892.901211887',30, to_date('20150925111500','yyyyMMddhh24miss'))
2015-09-25 11:15:10,400 [ INFO] (TAPFileUpdate.java:740) - updateTAPFileDetail ...
2015-09-25 11:15:10,406 [ INFO] (TAPFileUpdate.java:765) - Execute insert TapFileDetail :INSERT INTO TAPFILEDETAIL(FILEID,TYPE,VLR,DIRECTION,CDRCOUNT,TOTALUSAGE,TOTALAMOUNT,AREAREFERENCE,ORIGINALUPLOAD,ORIGINALDOWNLOAD,ORIGINALDURATION) VALUES(299,3,'66923',128,2,2,9.6296,4577,0,0,0)
2015-09-25 11:15:10,415 [ INFO] (TAPFileUpdate.java:765) - Execute insert TapFileDetail :INSERT INTO TAPFILEDETAIL(FILEID,TYPE,VLR,DIRECTION,CDRCOUNT,TOTALUSAGE,TOTALAMOUNT,AREAREFERENCE,ORIGINALUPLOAD,ORIGINALDOWNLOAD,ORIGINALDURATION) VALUES(299,53,'66923',128,5,18854,59.1087,4577,910080,18394579,0)
2015-09-25 11:15:10,424 [ INFO] (TAPFileUpdate.java:765) - Execute insert TapFileDetail :INSERT INTO TAPFILEDETAIL(FILEID,TYPE,VLR,DIRECTION,CDRCOUNT,TOTALUSAGE,TOTALAMOUNT,AREAREFERENCE,ORIGINALUPLOAD,ORIGINALDOWNLOAD,ORIGINALDURATION) VALUES(299,0,'66923',129,23,32,154.07850000000002,4577,0,0,1263)
2015-09-25 11:15:10,440 [ INFO] (TAPFileUpdate.java:478) - Processing File CDTHAWNHKGBM00893.1465410514...
2015-09-25 11:15:10,451 [ INFO] (TAPFileUpdate.java:684) - Execute query  TAPFileID:SELECT TAPFILE_ID.NEXTVAL TAPFILE_ID FROM DUAL
2015-09-25 11:15:10,484 [ INFO] (TAPFileUpdate.java:713) - updateTapFile ...
2015-09-25 11:15:10,492 [ INFO] (TAPFileUpdate.java:722) - Execute insert TapFile :INSERT INTO TAPFILE(FILEID,FILENAME,CDRCOUNT,PROCESSTIME) VALUES(300,'CDTHAWNHKGBM00893.1465410514',3, to_date('20150925111500','yyyyMMddhh24miss'))
2015-09-25 11:15:10,507 [ INFO] (TAPFileUpdate.java:740) - updateTAPFileDetail ...
2015-09-25 11:15:10,513 [ INFO] (TAPFileUpdate.java:765) - Execute insert TapFileDetail :INSERT INTO TAPFILEDETAIL(FILEID,TYPE,VLR,DIRECTION,CDRCOUNT,TOTALUSAGE,TOTALAMOUNT,AREAREFERENCE,ORIGINALUPLOAD,ORIGINALDOWNLOAD,ORIGINALDURATION) VALUES(300,0,'66923',128,1,1,4.2799,4577,0,0,8)
2015-09-25 11:15:10,523 [ INFO] (TAPFileUpdate.java:765) - Execute insert TapFileDetail :INSERT INTO TAPFILEDETAIL(FILEID,TYPE,VLR,DIRECTION,CDRCOUNT,TOTALUSAGE,TOTALAMOUNT,AREAREFERENCE,ORIGINALUPLOAD,ORIGINALDOWNLOAD,ORIGINALDURATION) VALUES(300,0,'66923',129,2,4,14.4451,4577,0,0,139)
2015-09-25 11:15:10,540 [ INFO] (TAPFileUpdate.java:478) - Processing File CDTHAWNHKGBM00894.4294967295...
2015-09-25 11:15:10,546 [ INFO] (TAPFileUpdate.java:684) - Execute query  TAPFileID:SELECT TAPFILE_ID.NEXTVAL TAPFILE_ID FROM DUAL
2015-09-25 11:15:10,580 [ INFO] (TAPFileUpdate.java:713) - updateTapFile ...
2015-09-25 11:15:10,588 [ INFO] (TAPFileUpdate.java:722) - Execute insert TapFile :INSERT INTO TAPFILE(FILEID,FILENAME,CDRCOUNT,PROCESSTIME) VALUES(301,'CDTHAWNHKGBM00894.4294967295',0, to_date('20150925111500','yyyyMMddhh24miss'))
2015-09-25 11:15:10,613 [ INFO] (TAPFileUpdate.java:740) - updateTAPFileDetail ...
2015-09-25 11:15:10,639 [ INFO] (TAPFileUpdate.java:478) - Processing File CDTHAWNHKGBM00895.311517114...
2015-09-25 11:15:10,676 [ INFO] (TAPFileUpdate.java:684) - Execute query  TAPFileID:SELECT TAPFILE_ID.NEXTVAL TAPFILE_ID FROM DUAL
2015-09-25 11:15:10,733 [ INFO] (TAPFileUpdate.java:713) - updateTapFile ...
2015-09-25 11:15:10,739 [ INFO] (TAPFileUpdate.java:722) - Execute insert TapFile :INSERT INTO TAPFILE(FILEID,FILENAME,CDRCOUNT,PROCESSTIME) VALUES(302,'CDTHAWNHKGBM00895.311517114',17, to_date('20150925111500','yyyyMMddhh24miss'))
2015-09-25 11:15:10,754 [ INFO] (TAPFileUpdate.java:740) - updateTAPFileDetail ...
2015-09-25 11:15:10,759 [ INFO] (TAPFileUpdate.java:765) - Execute insert TapFileDetail :INSERT INTO TAPFILEDETAIL(FILEID,TYPE,VLR,DIRECTION,CDRCOUNT,TOTALUSAGE,TOTALAMOUNT,AREAREFERENCE,ORIGINALUPLOAD,ORIGINALDOWNLOAD,ORIGINALDURATION) VALUES(302,0,'66923',128,3,3,13.3746,4577,0,0,53)
2015-09-25 11:15:10,768 [ INFO] (TAPFileUpdate.java:765) - Execute insert TapFileDetail :INSERT INTO TAPFILEDETAIL(FILEID,TYPE,VLR,DIRECTION,CDRCOUNT,TOTALUSAGE,TOTALAMOUNT,AREAREFERENCE,ORIGINALUPLOAD,ORIGINALDOWNLOAD,ORIGINALDURATION) VALUES(302,53,'66923',128,3,1139,3.5713,4577,258027,906652,0)
2015-09-25 11:15:10,776 [ INFO] (TAPFileUpdate.java:765) - Execute insert TapFileDetail :INSERT INTO TAPFILEDETAIL(FILEID,TYPE,VLR,DIRECTION,CDRCOUNT,TOTALUSAGE,TOTALAMOUNT,AREAREFERENCE,ORIGINALUPLOAD,ORIGINALDOWNLOAD,ORIGINALDURATION) VALUES(302,0,'66923',129,11,22,96.29940000000002,4577,0,0,873)
2015-09-25 11:15:10,791 [ INFO] (TAPFileUpdate.java:478) - Processing File CDTHAWNHKGBM00896.292324307...
2015-09-25 11:15:10,821 [ INFO] (TAPFileUpdate.java:684) - Execute query  TAPFileID:SELECT TAPFILE_ID.NEXTVAL TAPFILE_ID FROM DUAL
2015-09-25 11:15:10,856 [ INFO] (TAPFileUpdate.java:713) - updateTapFile ...
2015-09-25 11:15:10,862 [ INFO] (TAPFileUpdate.java:722) - Execute insert TapFile :INSERT INTO TAPFILE(FILEID,FILENAME,CDRCOUNT,PROCESSTIME) VALUES(303,'CDTHAWNHKGBM00896.292324307',19, to_date('20150925111500','yyyyMMddhh24miss'))
2015-09-25 11:15:10,877 [ INFO] (TAPFileUpdate.java:740) - updateTAPFileDetail ...
2015-09-25 11:15:10,882 [ INFO] (TAPFileUpdate.java:765) - Execute insert TapFileDetail :INSERT INTO TAPFILEDETAIL(FILEID,TYPE,VLR,DIRECTION,CDRCOUNT,TOTALUSAGE,TOTALAMOUNT,AREAREFERENCE,ORIGINALUPLOAD,ORIGINALDOWNLOAD,ORIGINALDURATION) VALUES(303,0,'66923',128,9,14,111.2794,4577,0,0,486)
2015-09-25 11:15:10,891 [ INFO] (TAPFileUpdate.java:765) - Execute insert TapFileDetail :INSERT INTO TAPFILEDETAIL(FILEID,TYPE,VLR,DIRECTION,CDRCOUNT,TOTALUSAGE,TOTALAMOUNT,AREAREFERENCE,ORIGINALUPLOAD,ORIGINALDOWNLOAD,ORIGINALDURATION) VALUES(303,53,'66923',128,1,720,2.2569,4577,163787,573038,0)
2015-09-25 11:15:10,900 [ INFO] (TAPFileUpdate.java:765) - Execute insert TapFileDetail :INSERT INTO TAPFILEDETAIL(FILEID,TYPE,VLR,DIRECTION,CDRCOUNT,TOTALUSAGE,TOTALAMOUNT,AREAREFERENCE,ORIGINALUPLOAD,ORIGINALDOWNLOAD,ORIGINALDURATION) VALUES(303,0,'66923',129,9,12,48.1498,4577,0,0,416)
2015-09-25 11:15:10,913 [ INFO] (TAPFileUpdate.java:478) - Processing File CDTHAWNHKGBM00897.2193814973...
2015-09-25 11:15:10,935 [ INFO] (TAPFileUpdate.java:684) - Execute query  TAPFileID:SELECT TAPFILE_ID.NEXTVAL TAPFILE_ID FROM DUAL
2015-09-25 11:15:10,968 [ INFO] (TAPFileUpdate.java:713) - updateTapFile ...
2015-09-25 11:15:10,974 [ INFO] (TAPFileUpdate.java:722) - Execute insert TapFile :INSERT INTO TAPFILE(FILEID,FILENAME,CDRCOUNT,PROCESSTIME) VALUES(304,'CDTHAWNHKGBM00897.2193814973',10, to_date('20150925111500','yyyyMMddhh24miss'))
2015-09-25 11:15:10,988 [ INFO] (TAPFileUpdate.java:740) - updateTAPFileDetail ...
2015-09-25 11:15:10,994 [ INFO] (TAPFileUpdate.java:765) - Execute insert TapFileDetail :INSERT INTO TAPFILEDETAIL(FILEID,TYPE,VLR,DIRECTION,CDRCOUNT,TOTALUSAGE,TOTALAMOUNT,AREAREFERENCE,ORIGINALUPLOAD,ORIGINALDOWNLOAD,ORIGINALDURATION) VALUES(304,0,'66923',128,2,2,9.0947,4577,0,0,55)
2015-09-25 11:15:11,002 [ INFO] (TAPFileUpdate.java:765) - Execute insert TapFileDetail :INSERT INTO TAPFILEDETAIL(FILEID,TYPE,VLR,DIRECTION,CDRCOUNT,TOTALUSAGE,TOTALAMOUNT,AREAREFERENCE,ORIGINALUPLOAD,ORIGINALDOWNLOAD,ORIGINALDURATION) VALUES(304,53,'66923',128,3,354,1.1095000000000002,4577,83889,277322,0)
2015-09-25 11:15:11,038 [ INFO] (TAPFileUpdate.java:765) - Execute insert TapFileDetail :INSERT INTO TAPFILEDETAIL(FILEID,TYPE,VLR,DIRECTION,CDRCOUNT,TOTALUSAGE,TOTALAMOUNT,AREAREFERENCE,ORIGINALUPLOAD,ORIGINALDOWNLOAD,ORIGINALDURATION) VALUES(304,0,'66923',129,5,11,48.15,4577,0,0,518)
2015-09-25 11:15:11,052 [ INFO] (TAPFileUpdate.java:478) - Processing File CDTHAWNHKGBM00898.1541585276...
2015-09-25 11:15:11,087 [ INFO] (TAPFileUpdate.java:684) - Execute query  TAPFileID:SELECT TAPFILE_ID.NEXTVAL TAPFILE_ID FROM DUAL
2015-09-25 11:15:11,136 [ INFO] (TAPFileUpdate.java:713) - updateTapFile ...
2015-09-25 11:15:11,143 [ INFO] (TAPFileUpdate.java:722) - Execute insert TapFile :INSERT INTO TAPFILE(FILEID,FILENAME,CDRCOUNT,PROCESSTIME) VALUES(305,'CDTHAWNHKGBM00898.1541585276',30, to_date('20150925111500','yyyyMMddhh24miss'))
2015-09-25 11:15:11,158 [ INFO] (TAPFileUpdate.java:740) - updateTAPFileDetail ...
2015-09-25 11:15:11,164 [ INFO] (TAPFileUpdate.java:765) - Execute insert TapFileDetail :INSERT INTO TAPFILEDETAIL(FILEID,TYPE,VLR,DIRECTION,CDRCOUNT,TOTALUSAGE,TOTALAMOUNT,AREAREFERENCE,ORIGINALUPLOAD,ORIGINALDOWNLOAD,ORIGINALDURATION) VALUES(305,3,'66923',128,7,7,33.703599999999994,4577,0,0,0)
2015-09-25 11:15:11,172 [ INFO] (TAPFileUpdate.java:765) - Execute insert TapFileDetail :INSERT INTO TAPFILEDETAIL(FILEID,TYPE,VLR,DIRECTION,CDRCOUNT,TOTALUSAGE,TOTALAMOUNT,AREAREFERENCE,ORIGINALUPLOAD,ORIGINALDOWNLOAD,ORIGINALDURATION) VALUES(305,0,'66923',128,3,4,106.9998,4577,0,0,133)
2015-09-25 11:15:11,181 [ INFO] (TAPFileUpdate.java:765) - Execute insert TapFileDetail :INSERT INTO TAPFILEDETAIL(FILEID,TYPE,VLR,DIRECTION,CDRCOUNT,TOTALUSAGE,TOTALAMOUNT,AREAREFERENCE,ORIGINALUPLOAD,ORIGINALDOWNLOAD,ORIGINALDURATION) VALUES(305,53,'66923',128,11,3010,9.431100000000002,4577,369828,2707823,0)
2015-09-25 11:15:11,190 [ INFO] (TAPFileUpdate.java:765) - Execute insert TapFileDetail :INSERT INTO TAPFILEDETAIL(FILEID,TYPE,VLR,DIRECTION,CDRCOUNT,TOTALUSAGE,TOTALAMOUNT,AREAREFERENCE,ORIGINALUPLOAD,ORIGINALDOWNLOAD,ORIGINALDURATION) VALUES(305,0,'66923',129,9,13,43.335,4577,0,0,578)
2015-09-25 11:15:11,205 [ INFO] (TAPFileUpdate.java:478) - Processing File CDTHAWNHKGBM00899.2001573545...
2015-09-25 11:15:11,239 [ INFO] (TAPFileUpdate.java:684) - Execute query  TAPFileID:SELECT TAPFILE_ID.NEXTVAL TAPFILE_ID FROM DUAL
2015-09-25 11:15:11,276 [ INFO] (TAPFileUpdate.java:713) - updateTapFile ...
2015-09-25 11:15:11,283 [ INFO] (TAPFileUpdate.java:722) - Execute insert TapFile :INSERT INTO TAPFILE(FILEID,FILENAME,CDRCOUNT,PROCESSTIME) VALUES(306,'CDTHAWNHKGBM00899.2001573545',9, to_date('20150925111500','yyyyMMddhh24miss'))
2015-09-25 11:15:11,305 [ INFO] (TAPFileUpdate.java:740) - updateTAPFileDetail ...
2015-09-25 11:15:11,312 [ INFO] (TAPFileUpdate.java:765) - Execute insert TapFileDetail :INSERT INTO TAPFILEDETAIL(FILEID,TYPE,VLR,DIRECTION,CDRCOUNT,TOTALUSAGE,TOTALAMOUNT,AREAREFERENCE,ORIGINALUPLOAD,ORIGINALDOWNLOAD,ORIGINALDURATION) VALUES(306,53,'66923',128,3,38464,120.58840000000001,4577,3005222,36380276,0)
2015-09-25 11:15:11,321 [ INFO] (TAPFileUpdate.java:765) - Execute insert TapFileDetail :INSERT INTO TAPFILEDETAIL(FILEID,TYPE,VLR,DIRECTION,CDRCOUNT,TOTALUSAGE,TOTALAMOUNT,AREAREFERENCE,ORIGINALUPLOAD,ORIGINALDOWNLOAD,ORIGINALDURATION) VALUES(306,0,'66923',129,6,11,52.9653,4577,0,0,469)
2015-09-25 11:15:11,336 [ INFO] (TAPFileUpdate.java:478) - Processing File CDTHAWNHKGBM00900.1936729527...
2015-09-25 11:15:11,380 [ INFO] (TAPFileUpdate.java:684) - Execute query  TAPFileID:SELECT TAPFILE_ID.NEXTVAL TAPFILE_ID FROM DUAL
2015-09-25 11:15:11,411 [ INFO] (TAPFileUpdate.java:713) - updateTapFile ...
2015-09-25 11:15:11,419 [ INFO] (TAPFileUpdate.java:722) - Execute insert TapFile :INSERT INTO TAPFILE(FILEID,FILENAME,CDRCOUNT,PROCESSTIME) VALUES(307,'CDTHAWNHKGBM00900.1936729527',40, to_date('20150925111500','yyyyMMddhh24miss'))
2015-09-25 11:15:11,433 [ INFO] (TAPFileUpdate.java:740) - updateTAPFileDetail ...
2015-09-25 11:15:11,439 [ INFO] (TAPFileUpdate.java:765) - Execute insert TapFileDetail :INSERT INTO TAPFILEDETAIL(FILEID,TYPE,VLR,DIRECTION,CDRCOUNT,TOTALUSAGE,TOTALAMOUNT,AREAREFERENCE,ORIGINALUPLOAD,ORIGINALDOWNLOAD,ORIGINALDURATION) VALUES(307,3,'66923',128,1,1,4.8148,4577,0,0,0)
2015-09-25 11:15:11,447 [ INFO] (TAPFileUpdate.java:765) - Execute insert TapFileDetail :INSERT INTO TAPFILEDETAIL(FILEID,TYPE,VLR,DIRECTION,CDRCOUNT,TOTALUSAGE,TOTALAMOUNT,AREAREFERENCE,ORIGINALUPLOAD,ORIGINALDOWNLOAD,ORIGINALDURATION) VALUES(307,0,'66923',128,1,1,4.8148,4577,0,0,57)
2015-09-25 11:15:11,456 [ INFO] (TAPFileUpdate.java:765) - Execute insert TapFileDetail :INSERT INTO TAPFILEDETAIL(FILEID,TYPE,VLR,DIRECTION,CDRCOUNT,TOTALUSAGE,TOTALAMOUNT,AREAREFERENCE,ORIGINALUPLOAD,ORIGINALDOWNLOAD,ORIGINALDURATION) VALUES(307,53,'66923',128,27,74530,233.65329999999994,4577,9423333,66880710,0)
2015-09-25 11:15:11,465 [ INFO] (TAPFileUpdate.java:765) - Execute insert TapFileDetail :INSERT INTO TAPFILEDETAIL(FILEID,TYPE,VLR,DIRECTION,CDRCOUNT,TOTALUSAGE,TOTALAMOUNT,AREAREFERENCE,ORIGINALUPLOAD,ORIGINALDOWNLOAD,ORIGINALDURATION) VALUES(307,0,'66923',129,11,23,110.74390000000002,4577,0,0,970)
2015-09-25 11:15:11,479 [ INFO] (TAPFileUpdate.java:478) - Processing File CDTWNFEHKGBM03205.54401109...
2015-09-25 11:15:11,572 [ INFO] (TAPFileUpdate.java:684) - Execute query  TAPFileID:SELECT TAPFILE_ID.NEXTVAL TAPFILE_ID FROM DUAL
2015-09-25 11:15:11,603 [ INFO] (TAPFileUpdate.java:713) - updateTapFile ...
2015-09-25 11:15:11,609 [ INFO] (TAPFileUpdate.java:722) - Execute insert TapFile :INSERT INTO TAPFILE(FILEID,FILENAME,CDRCOUNT,PROCESSTIME) VALUES(308,'CDTWNFEHKGBM03205.54401109',132, to_date('20150925111500','yyyyMMddhh24miss'))
2015-09-25 11:15:11,622 [ INFO] (TAPFileUpdate.java:740) - updateTAPFileDetail ...
2015-09-25 11:15:11,628 [ INFO] (TAPFileUpdate.java:765) - Execute insert TapFileDetail :INSERT INTO TAPFILEDETAIL(FILEID,TYPE,VLR,DIRECTION,CDRCOUNT,TOTALUSAGE,TOTALAMOUNT,AREAREFERENCE,ORIGINALUPLOAD,ORIGINALDOWNLOAD,ORIGINALDURATION) VALUES(308,3,'8869310',128,12,12,96.00959999999999,48,0,0,0)
2015-09-25 11:15:11,636 [ INFO] (TAPFileUpdate.java:765) - Execute insert TapFileDetail :INSERT INTO TAPFILEDETAIL(FILEID,TYPE,VLR,DIRECTION,CDRCOUNT,TOTALUSAGE,TOTALAMOUNT,AREAREFERENCE,ORIGINALUPLOAD,ORIGINALDOWNLOAD,ORIGINALDURATION) VALUES(308,0,'8869310',128,19,46,671.4699999999999,48,0,0,2079)
2015-09-25 11:15:11,645 [ INFO] (TAPFileUpdate.java:765) - Execute insert TapFileDetail :INSERT INTO TAPFILEDETAIL(FILEID,TYPE,VLR,DIRECTION,CDRCOUNT,TOTALUSAGE,TOTALAMOUNT,AREAREFERENCE,ORIGINALUPLOAD,ORIGINALDOWNLOAD,ORIGINALDURATION) VALUES(308,53,'8869310',128,76,12958,0.0,48,921721,12308730,0)
2015-09-25 11:15:11,654 [ INFO] (TAPFileUpdate.java:765) - Execute insert TapFileDetail :INSERT INTO TAPFILEDETAIL(FILEID,TYPE,VLR,DIRECTION,CDRCOUNT,TOTALUSAGE,TOTALAMOUNT,AREAREFERENCE,ORIGINALUPLOAD,ORIGINALDOWNLOAD,ORIGINALDURATION) VALUES(308,0,'8869310',129,25,65,974.9645000000002,48,0,0,2943)
2015-09-25 11:15:11,668 [ INFO] (TAPFileUpdate.java:478) - Processing File CDTWNFEHKGBM03206.3376658793...
2015-09-25 11:15:11,934 [ INFO] (TAPFileUpdate.java:684) - Execute query  TAPFileID:SELECT TAPFILE_ID.NEXTVAL TAPFILE_ID FROM DUAL
2015-09-25 11:15:11,964 [ INFO] (TAPFileUpdate.java:713) - updateTapFile ...
2015-09-25 11:15:11,970 [ INFO] (TAPFileUpdate.java:722) - Execute insert TapFile :INSERT INTO TAPFILE(FILEID,FILENAME,CDRCOUNT,PROCESSTIME) VALUES(309,'CDTWNFEHKGBM03206.3376658793',307, to_date('20150925111500','yyyyMMddhh24miss'))
2015-09-25 11:15:11,984 [ INFO] (TAPFileUpdate.java:740) - updateTAPFileDetail ...
2015-09-25 11:15:11,990 [ INFO] (TAPFileUpdate.java:765) - Execute insert TapFileDetail :INSERT INTO TAPFILEDETAIL(FILEID,TYPE,VLR,DIRECTION,CDRCOUNT,TOTALUSAGE,TOTALAMOUNT,AREAREFERENCE,ORIGINALUPLOAD,ORIGINALDOWNLOAD,ORIGINALDURATION) VALUES(309,3,'8869310',128,63,63,504.0504000000008,48,0,0,0)
2015-09-25 11:15:11,998 [ INFO] (TAPFileUpdate.java:765) - Execute insert TapFileDetail :INSERT INTO TAPFILEDETAIL(FILEID,TYPE,VLR,DIRECTION,CDRCOUNT,TOTALUSAGE,TOTALAMOUNT,AREAREFERENCE,ORIGINALUPLOAD,ORIGINALDOWNLOAD,ORIGINALDURATION) VALUES(309,0,'8869310',128,73,201,3014.8888999999995,48,0,0,9642)
2015-09-25 11:15:12,007 [ INFO] (TAPFileUpdate.java:765) - Execute insert TapFileDetail :INSERT INTO TAPFILEDETAIL(FILEID,TYPE,VLR,DIRECTION,CDRCOUNT,TOTALUSAGE,TOTALAMOUNT,AREAREFERENCE,ORIGINALUPLOAD,ORIGINALDOWNLOAD,ORIGINALDURATION) VALUES(309,53,'8869310',128,88,2794,0.0,48,672084,2144974,0)
2015-09-25 11:15:12,016 [ INFO] (TAPFileUpdate.java:765) - Execute insert TapFileDetail :INSERT INTO TAPFILEDETAIL(FILEID,TYPE,VLR,DIRECTION,CDRCOUNT,TOTALUSAGE,TOTALAMOUNT,AREAREFERENCE,ORIGINALUPLOAD,ORIGINALDOWNLOAD,ORIGINALDURATION) VALUES(309,0,'8869310',129,83,275,4124.864900000001,48,0,0,13627)
2015-09-25 11:15:12,030 [ INFO] (TAPFileUpdate.java:478) - Processing File CDTWNFEHKGBM03207.4231218301...
2015-09-25 11:15:12,244 [ INFO] (TAPFileUpdate.java:684) - Execute query  TAPFileID:SELECT TAPFILE_ID.NEXTVAL TAPFILE_ID FROM DUAL
2015-09-25 11:15:12,275 [ INFO] (TAPFileUpdate.java:713) - updateTapFile ...
2015-09-25 11:15:12,280 [ INFO] (TAPFileUpdate.java:722) - Execute insert TapFile :INSERT INTO TAPFILE(FILEID,FILENAME,CDRCOUNT,PROCESSTIME) VALUES(310,'CDTWNFEHKGBM03207.4231218301',220, to_date('20150925111500','yyyyMMddhh24miss'))
2015-09-25 11:15:12,295 [ INFO] (TAPFileUpdate.java:740) - updateTAPFileDetail ...
2015-09-25 11:15:12,300 [ INFO] (TAPFileUpdate.java:765) - Execute insert TapFileDetail :INSERT INTO TAPFILEDETAIL(FILEID,TYPE,VLR,DIRECTION,CDRCOUNT,TOTALUSAGE,TOTALAMOUNT,AREAREFERENCE,ORIGINALUPLOAD,ORIGINALDOWNLOAD,ORIGINALDURATION) VALUES(310,3,'8869310',128,38,38,304.03040000000016,48,0,0,0)
2015-09-25 11:15:12,309 [ INFO] (TAPFileUpdate.java:765) - Execute insert TapFileDetail :INSERT INTO TAPFILEDETAIL(FILEID,TYPE,VLR,DIRECTION,CDRCOUNT,TOTALUSAGE,TOTALAMOUNT,AREAREFERENCE,ORIGINALUPLOAD,ORIGINALDOWNLOAD,ORIGINALDURATION) VALUES(310,0,'8869310',128,52,128,1919.9104999999993,48,0,0,6072)
2015-09-25 11:15:12,317 [ INFO] (TAPFileUpdate.java:765) - Execute insert TapFileDetail :INSERT INTO TAPFILEDETAIL(FILEID,TYPE,VLR,DIRECTION,CDRCOUNT,TOTALUSAGE,TOTALAMOUNT,AREAREFERENCE,ORIGINALUPLOAD,ORIGINALDOWNLOAD,ORIGINALDURATION) VALUES(310,53,'8869310',128,70,1404,0.0,48,343648,1054742,0)
2015-09-25 11:15:12,326 [ INFO] (TAPFileUpdate.java:765) - Execute insert TapFileDetail :INSERT INTO TAPFILEDETAIL(FILEID,TYPE,VLR,DIRECTION,CDRCOUNT,TOTALUSAGE,TOTALAMOUNT,AREAREFERENCE,ORIGINALUPLOAD,ORIGINALDOWNLOAD,ORIGINALDURATION) VALUES(310,0,'8869310',129,60,153,2294.9016000000006,48,0,0,7070)
2015-09-25 11:15:12,340 [ INFO] (TAPFileUpdate.java:478) - Processing File CDTWNFEHKGBM03208.3788964263...
2015-09-25 11:15:12,491 [ INFO] (TAPFileUpdate.java:684) - Execute query  TAPFileID:SELECT TAPFILE_ID.NEXTVAL TAPFILE_ID FROM DUAL
2015-09-25 11:15:12,524 [ INFO] (TAPFileUpdate.java:713) - updateTapFile ...
2015-09-25 11:15:12,531 [ INFO] (TAPFileUpdate.java:722) - Execute insert TapFile :INSERT INTO TAPFILE(FILEID,FILENAME,CDRCOUNT,PROCESSTIME) VALUES(311,'CDTWNFEHKGBM03208.3788964263',196, to_date('20150925111500','yyyyMMddhh24miss'))
2015-09-25 11:15:12,550 [ INFO] (TAPFileUpdate.java:740) - updateTAPFileDetail ...
2015-09-25 11:15:12,560 [ INFO] (TAPFileUpdate.java:765) - Execute insert TapFileDetail :INSERT INTO TAPFILEDETAIL(FILEID,TYPE,VLR,DIRECTION,CDRCOUNT,TOTALUSAGE,TOTALAMOUNT,AREAREFERENCE,ORIGINALUPLOAD,ORIGINALDOWNLOAD,ORIGINALDURATION) VALUES(311,3,'8869310',128,19,19,152.0152,48,0,0,0)
2015-09-25 11:15:12,570 [ INFO] (TAPFileUpdate.java:765) - Execute insert TapFileDetail :INSERT INTO TAPFILEDETAIL(FILEID,TYPE,VLR,DIRECTION,CDRCOUNT,TOTALUSAGE,TOTALAMOUNT,AREAREFERENCE,ORIGINALUPLOAD,ORIGINALDOWNLOAD,ORIGINALDURATION) VALUES(311,0,'8869310',128,57,119,1784.9178999999992,48,0,0,5202)
2015-09-25 11:15:12,578 [ INFO] (TAPFileUpdate.java:765) - Execute insert TapFileDetail :INSERT INTO TAPFILEDETAIL(FILEID,TYPE,VLR,DIRECTION,CDRCOUNT,TOTALUSAGE,TOTALAMOUNT,AREAREFERENCE,ORIGINALUPLOAD,ORIGINALDOWNLOAD,ORIGINALDURATION) VALUES(311,53,'8869310',128,75,1606,0.0,48,366657,1241716,0)
2015-09-25 11:15:12,587 [ INFO] (TAPFileUpdate.java:765) - Execute insert TapFileDetail :INSERT INTO TAPFILEDETAIL(FILEID,TYPE,VLR,DIRECTION,CDRCOUNT,TOTALUSAGE,TOTALAMOUNT,AREAREFERENCE,ORIGINALUPLOAD,ORIGINALDOWNLOAD,ORIGINALDURATION) VALUES(311,0,'8869310',129,45,121,1814.9275999999995,48,0,0,5627)
2015-09-25 11:15:12,601 [ INFO] (TAPFileUpdate.java:478) - Processing File CDTWNFEHKGBM03209.1503688392...
2015-09-25 11:15:12,773 [ INFO] (TAPFileUpdate.java:684) - Execute query  TAPFileID:SELECT TAPFILE_ID.NEXTVAL TAPFILE_ID FROM DUAL
2015-09-25 11:15:12,804 [ INFO] (TAPFileUpdate.java:713) - updateTapFile ...
2015-09-25 11:15:12,810 [ INFO] (TAPFileUpdate.java:722) - Execute insert TapFile :INSERT INTO TAPFILE(FILEID,FILENAME,CDRCOUNT,PROCESSTIME) VALUES(312,'CDTWNFEHKGBM03209.1503688392',207, to_date('20150925111500','yyyyMMddhh24miss'))
2015-09-25 11:15:12,824 [ INFO] (TAPFileUpdate.java:740) - updateTAPFileDetail ...
2015-09-25 11:15:12,831 [ INFO] (TAPFileUpdate.java:765) - Execute insert TapFileDetail :INSERT INTO TAPFILEDETAIL(FILEID,TYPE,VLR,DIRECTION,CDRCOUNT,TOTALUSAGE,TOTALAMOUNT,AREAREFERENCE,ORIGINALUPLOAD,ORIGINALDOWNLOAD,ORIGINALDURATION) VALUES(312,3,'8869310',128,23,23,184.01839999999999,48,0,0,0)
2015-09-25 11:15:12,839 [ INFO] (TAPFileUpdate.java:765) - Execute insert TapFileDetail :INSERT INTO TAPFILEDETAIL(FILEID,TYPE,VLR,DIRECTION,CDRCOUNT,TOTALUSAGE,TOTALAMOUNT,AREAREFERENCE,ORIGINALUPLOAD,ORIGINALDOWNLOAD,ORIGINALDURATION) VALUES(312,0,'8869310',128,67,201,3014.8979000000004,48,0,0,9849)
2015-09-25 11:15:12,848 [ INFO] (TAPFileUpdate.java:765) - Execute insert TapFileDetail :INSERT INTO TAPFILEDETAIL(FILEID,TYPE,VLR,DIRECTION,CDRCOUNT,TOTALUSAGE,TOTALAMOUNT,AREAREFERENCE,ORIGINALUPLOAD,ORIGINALDOWNLOAD,ORIGINALDURATION) VALUES(312,53,'8869310',128,61,1382,0.0,48,372559,1009552,0)
2015-09-25 11:15:12,858 [ INFO] (TAPFileUpdate.java:765) - Execute insert TapFileDetail :INSERT INTO TAPFILEDETAIL(FILEID,TYPE,VLR,DIRECTION,CDRCOUNT,TOTALUSAGE,TOTALAMOUNT,AREAREFERENCE,ORIGINALUPLOAD,ORIGINALDOWNLOAD,ORIGINALDURATION) VALUES(312,0,'8869310',129,56,168,2519.9076000000005,48,0,0,8167)
2015-09-25 11:15:12,873 [ INFO] (TAPFileUpdate.java:478) - Processing File CDTWNFEHKGBM03210.3369594797...
2015-09-25 11:15:13,066 [ INFO] (TAPFileUpdate.java:684) - Execute query  TAPFileID:SELECT TAPFILE_ID.NEXTVAL TAPFILE_ID FROM DUAL
2015-09-25 11:15:13,097 [ INFO] (TAPFileUpdate.java:713) - updateTapFile ...
2015-09-25 11:15:13,103 [ INFO] (TAPFileUpdate.java:722) - Execute insert TapFile :INSERT INTO TAPFILE(FILEID,FILENAME,CDRCOUNT,PROCESSTIME) VALUES(313,'CDTWNFEHKGBM03210.3369594797',189, to_date('20150925111500','yyyyMMddhh24miss'))
2015-09-25 11:15:13,117 [ INFO] (TAPFileUpdate.java:740) - updateTAPFileDetail ...
2015-09-25 11:15:13,123 [ INFO] (TAPFileUpdate.java:765) - Execute insert TapFileDetail :INSERT INTO TAPFILEDETAIL(FILEID,TYPE,VLR,DIRECTION,CDRCOUNT,TOTALUSAGE,TOTALAMOUNT,AREAREFERENCE,ORIGINALUPLOAD,ORIGINALDOWNLOAD,ORIGINALDURATION) VALUES(313,3,'8869310',128,29,29,232.02319999999997,48,0,0,0)
2015-09-25 11:15:13,131 [ INFO] (TAPFileUpdate.java:765) - Execute insert TapFileDetail :INSERT INTO TAPFILEDETAIL(FILEID,TYPE,VLR,DIRECTION,CDRCOUNT,TOTALUSAGE,TOTALAMOUNT,AREAREFERENCE,ORIGINALUPLOAD,ORIGINALDOWNLOAD,ORIGINALDURATION) VALUES(313,0,'8869310',128,46,107,1604.9194999999995,48,0,0,4677)
2015-09-25 11:15:13,140 [ INFO] (TAPFileUpdate.java:765) - Execute insert TapFileDetail :INSERT INTO TAPFILEDETAIL(FILEID,TYPE,VLR,DIRECTION,CDRCOUNT,TOTALUSAGE,TOTALAMOUNT,AREAREFERENCE,ORIGINALUPLOAD,ORIGINALDOWNLOAD,ORIGINALDURATION) VALUES(313,53,'8869310',128,46,1527,0.0,48,354334,1182419,0)
2015-09-25 11:15:13,148 [ INFO] (TAPFileUpdate.java:765) - Execute insert TapFileDetail :INSERT INTO TAPFILEDETAIL(FILEID,TYPE,VLR,DIRECTION,CDRCOUNT,TOTALUSAGE,TOTALAMOUNT,AREAREFERENCE,ORIGINALUPLOAD,ORIGINALDOWNLOAD,ORIGINALDURATION) VALUES(313,0,'8869310',129,68,163,2444.900500000001,48,0,0,7554)
2015-09-25 11:15:13,162 [ INFO] (TAPFileUpdate.java:478) - Processing File CDTWNFEHKGBM03211.3690412173...
2015-09-25 11:15:13,215 [ INFO] (TAPFileUpdate.java:684) - Execute query  TAPFileID:SELECT TAPFILE_ID.NEXTVAL TAPFILE_ID FROM DUAL
2015-09-25 11:15:13,246 [ INFO] (TAPFileUpdate.java:713) - updateTapFile ...
2015-09-25 11:15:13,252 [ INFO] (TAPFileUpdate.java:722) - Execute insert TapFile :INSERT INTO TAPFILE(FILEID,FILENAME,CDRCOUNT,PROCESSTIME) VALUES(314,'CDTWNFEHKGBM03211.3690412173',88, to_date('20150925111500','yyyyMMddhh24miss'))
2015-09-25 11:15:13,266 [ INFO] (TAPFileUpdate.java:740) - updateTAPFileDetail ...
2015-09-25 11:15:13,274 [ INFO] (TAPFileUpdate.java:765) - Execute insert TapFileDetail :INSERT INTO TAPFILEDETAIL(FILEID,TYPE,VLR,DIRECTION,CDRCOUNT,TOTALUSAGE,TOTALAMOUNT,AREAREFERENCE,ORIGINALUPLOAD,ORIGINALDOWNLOAD,ORIGINALDURATION) VALUES(314,3,'8869310',128,10,10,80.008,48,0,0,0)
2015-09-25 11:15:13,282 [ INFO] (TAPFileUpdate.java:765) - Execute insert TapFileDetail :INSERT INTO TAPFILEDETAIL(FILEID,TYPE,VLR,DIRECTION,CDRCOUNT,TOTALUSAGE,TOTALAMOUNT,AREAREFERENCE,ORIGINALUPLOAD,ORIGINALDOWNLOAD,ORIGINALDURATION) VALUES(314,0,'8869310',128,22,41,614.9526000000001,48,0,0,1625)
2015-09-25 11:15:13,294 [ INFO] (TAPFileUpdate.java:765) - Execute insert TapFileDetail :INSERT INTO TAPFILEDETAIL(FILEID,TYPE,VLR,DIRECTION,CDRCOUNT,TOTALUSAGE,TOTALAMOUNT,AREAREFERENCE,ORIGINALUPLOAD,ORIGINALDOWNLOAD,ORIGINALDURATION) VALUES(314,53,'8869310',128,43,3231,0.0,48,374721,2913288,0)
2015-09-25 11:15:13,307 [ INFO] (TAPFileUpdate.java:765) - Execute insert TapFileDetail :INSERT INTO TAPFILEDETAIL(FILEID,TYPE,VLR,DIRECTION,CDRCOUNT,TOTALUSAGE,TOTALAMOUNT,AREAREFERENCE,ORIGINALUPLOAD,ORIGINALDOWNLOAD,ORIGINALDURATION) VALUES(314,0,'8869310',129,13,40,599.9737000000001,48,0,0,1977)
2015-09-25 11:15:13,321 [ INFO] (TAPFileUpdate.java:478) - Processing File CDTWNFEHKGBM03212.17957959...
2015-09-25 11:15:13,410 [ INFO] (TAPFileUpdate.java:684) - Execute query  TAPFileID:SELECT TAPFILE_ID.NEXTVAL TAPFILE_ID FROM DUAL
2015-09-25 11:15:13,441 [ INFO] (TAPFileUpdate.java:713) - updateTapFile ...
2015-09-25 11:15:13,447 [ INFO] (TAPFileUpdate.java:722) - Execute insert TapFile :INSERT INTO TAPFILE(FILEID,FILENAME,CDRCOUNT,PROCESSTIME) VALUES(315,'CDTWNFEHKGBM03212.17957959',135, to_date('20150925111500','yyyyMMddhh24miss'))
2015-09-25 11:15:13,467 [ INFO] (TAPFileUpdate.java:740) - updateTAPFileDetail ...
2015-09-25 11:15:13,472 [ INFO] (TAPFileUpdate.java:765) - Execute insert TapFileDetail :INSERT INTO TAPFILEDETAIL(FILEID,TYPE,VLR,DIRECTION,CDRCOUNT,TOTALUSAGE,TOTALAMOUNT,AREAREFERENCE,ORIGINALUPLOAD,ORIGINALDOWNLOAD,ORIGINALDURATION) VALUES(315,3,'8869310',128,39,39,312.0312000000002,48,0,0,0)
2015-09-25 11:15:13,483 [ INFO] (TAPFileUpdate.java:765) - Execute insert TapFileDetail :INSERT INTO TAPFILEDETAIL(FILEID,TYPE,VLR,DIRECTION,CDRCOUNT,TOTALUSAGE,TOTALAMOUNT,AREAREFERENCE,ORIGINALUPLOAD,ORIGINALDOWNLOAD,ORIGINALDURATION) VALUES(315,0,'8869310',128,23,37,554.9527999999999,48,0,0,1532)
2015-09-25 11:15:13,493 [ INFO] (TAPFileUpdate.java:765) - Execute insert TapFileDetail :INSERT INTO TAPFILEDETAIL(FILEID,TYPE,VLR,DIRECTION,CDRCOUNT,TOTALUSAGE,TOTALAMOUNT,AREAREFERENCE,ORIGINALUPLOAD,ORIGINALDOWNLOAD,ORIGINALDURATION) VALUES(315,53,'8869310',128,48,1574,0.0,48,530784,1053876,0)
2015-09-25 11:15:13,501 [ INFO] (TAPFileUpdate.java:765) - Execute insert TapFileDetail :INSERT INTO TAPFILEDETAIL(FILEID,TYPE,VLR,DIRECTION,CDRCOUNT,TOTALUSAGE,TOTALAMOUNT,AREAREFERENCE,ORIGINALUPLOAD,ORIGINALDOWNLOAD,ORIGINALDURATION) VALUES(315,0,'8869310',129,25,38,569.9504,48,0,0,1316)
2015-09-25 11:15:13,515 [ INFO] (TAPFileUpdate.java:478) - Processing File CDTWNFEHKGBM03213.204264904...
2015-09-25 11:15:13,648 [ INFO] (TAPFileUpdate.java:684) - Execute query  TAPFileID:SELECT TAPFILE_ID.NEXTVAL TAPFILE_ID FROM DUAL
2015-09-25 11:15:13,695 [ INFO] (TAPFileUpdate.java:713) - updateTapFile ...
2015-09-25 11:15:13,701 [ INFO] (TAPFileUpdate.java:722) - Execute insert TapFile :INSERT INTO TAPFILE(FILEID,FILENAME,CDRCOUNT,PROCESSTIME) VALUES(316,'CDTWNFEHKGBM03213.204264904',150, to_date('20150925111500','yyyyMMddhh24miss'))
2015-09-25 11:15:13,715 [ INFO] (TAPFileUpdate.java:740) - updateTAPFileDetail ...
2015-09-25 11:15:13,721 [ INFO] (TAPFileUpdate.java:765) - Execute insert TapFileDetail :INSERT INTO TAPFILEDETAIL(FILEID,TYPE,VLR,DIRECTION,CDRCOUNT,TOTALUSAGE,TOTALAMOUNT,AREAREFERENCE,ORIGINALUPLOAD,ORIGINALDOWNLOAD,ORIGINALDURATION) VALUES(316,3,'8869310',128,15,15,120.01199999999999,48,0,0,0)
2015-09-25 11:15:13,730 [ INFO] (TAPFileUpdate.java:765) - Execute insert TapFileDetail :INSERT INTO TAPFILEDETAIL(FILEID,TYPE,VLR,DIRECTION,CDRCOUNT,TOTALUSAGE,TOTALAMOUNT,AREAREFERENCE,ORIGINALUPLOAD,ORIGINALDOWNLOAD,ORIGINALDURATION) VALUES(316,0,'8869310',128,39,109,1634.933,48,0,0,5325)
2015-09-25 11:15:13,738 [ INFO] (TAPFileUpdate.java:765) - Execute insert TapFileDetail :INSERT INTO TAPFILEDETAIL(FILEID,TYPE,VLR,DIRECTION,CDRCOUNT,TOTALUSAGE,TOTALAMOUNT,AREAREFERENCE,ORIGINALUPLOAD,ORIGINALDOWNLOAD,ORIGINALDURATION) VALUES(316,53,'8869310',128,53,1111,0.0,48,312288,795670,0)
2015-09-25 11:15:13,747 [ INFO] (TAPFileUpdate.java:765) - Execute insert TapFileDetail :INSERT INTO TAPFILEDETAIL(FILEID,TYPE,VLR,DIRECTION,CDRCOUNT,TOTALUSAGE,TOTALAMOUNT,AREAREFERENCE,ORIGINALUPLOAD,ORIGINALDOWNLOAD,ORIGINALDURATION) VALUES(316,0,'8869310',129,43,215,3224.9345000000003,48,0,0,11478)
2015-09-25 11:15:13,761 [ INFO] (TAPFileUpdate.java:478) - Processing File CDTWNFEHKGBM03214.3376582467...
2015-09-25 11:15:13,877 [ INFO] (TAPFileUpdate.java:684) - Execute query  TAPFileID:SELECT TAPFILE_ID.NEXTVAL TAPFILE_ID FROM DUAL
2015-09-25 11:15:13,918 [ INFO] (TAPFileUpdate.java:713) - updateTapFile ...
2015-09-25 11:15:13,925 [ INFO] (TAPFileUpdate.java:722) - Execute insert TapFile :INSERT INTO TAPFILE(FILEID,FILENAME,CDRCOUNT,PROCESSTIME) VALUES(317,'CDTWNFEHKGBM03214.3376582467',148, to_date('20150925111500','yyyyMMddhh24miss'))
2015-09-25 11:15:13,940 [ INFO] (TAPFileUpdate.java:740) - updateTAPFileDetail ...
2015-09-25 11:15:13,946 [ INFO] (TAPFileUpdate.java:765) - Execute insert TapFileDetail :INSERT INTO TAPFILEDETAIL(FILEID,TYPE,VLR,DIRECTION,CDRCOUNT,TOTALUSAGE,TOTALAMOUNT,AREAREFERENCE,ORIGINALUPLOAD,ORIGINALDOWNLOAD,ORIGINALDURATION) VALUES(317,3,'8869310',128,17,17,136.0136,48,0,0,0)
2015-09-25 11:15:13,954 [ INFO] (TAPFileUpdate.java:765) - Execute insert TapFileDetail :INSERT INTO TAPFILEDETAIL(FILEID,TYPE,VLR,DIRECTION,CDRCOUNT,TOTALUSAGE,TOTALAMOUNT,AREAREFERENCE,ORIGINALUPLOAD,ORIGINALDOWNLOAD,ORIGINALDURATION) VALUES(317,0,'8869310',128,40,117,1754.9370000000001,48,0,0,5575)
2015-09-25 11:15:13,963 [ INFO] (TAPFileUpdate.java:765) - Execute insert TapFileDetail :INSERT INTO TAPFILEDETAIL(FILEID,TYPE,VLR,DIRECTION,CDRCOUNT,TOTALUSAGE,TOTALAMOUNT,AREAREFERENCE,ORIGINALUPLOAD,ORIGINALDOWNLOAD,ORIGINALDURATION) VALUES(317,53,'8869310',128,55,1535,0.0,48,395121,1145505,0)
2015-09-25 11:15:13,972 [ INFO] (TAPFileUpdate.java:765) - Execute insert TapFileDetail :INSERT INTO TAPFILEDETAIL(FILEID,TYPE,VLR,DIRECTION,CDRCOUNT,TOTALUSAGE,TOTALAMOUNT,AREAREFERENCE,ORIGINALUPLOAD,ORIGINALDOWNLOAD,ORIGINALDURATION) VALUES(317,0,'8869310',129,36,98,1469.9499000000003,48,0,0,4365)
2015-09-25 11:15:13,986 [ INFO] (TAPFileUpdate.java:478) - Processing File CDTWNLDHKGBM01379.2986476057...
2015-09-25 11:15:14,467 [ INFO] (TAPFileUpdate.java:684) - Execute query  TAPFileID:SELECT TAPFILE_ID.NEXTVAL TAPFILE_ID FROM DUAL
2015-09-25 11:15:14,500 [ INFO] (TAPFileUpdate.java:713) - updateTapFile ...
2015-09-25 11:15:14,506 [ INFO] (TAPFileUpdate.java:722) - Execute insert TapFile :INSERT INTO TAPFILE(FILEID,FILENAME,CDRCOUNT,PROCESSTIME) VALUES(318,'CDTWNLDHKGBM01379.2986476057',530, to_date('20150925111500','yyyyMMddhh24miss'))
2015-09-25 11:15:14,521 [ INFO] (TAPFileUpdate.java:740) - updateTAPFileDetail ...
2015-09-25 11:15:14,527 [ INFO] (TAPFileUpdate.java:765) - Execute insert TapFileDetail :INSERT INTO TAPFILEDETAIL(FILEID,TYPE,VLR,DIRECTION,CDRCOUNT,TOTALUSAGE,TOTALAMOUNT,AREAREFERENCE,ORIGINALUPLOAD,ORIGINALDOWNLOAD,ORIGINALDURATION) VALUES(318,3,'886932',128,18,18,14.093999999999998,4446,0,0,0)
2015-09-25 11:15:14,536 [ INFO] (TAPFileUpdate.java:765) - Execute insert TapFileDetail :INSERT INTO TAPFILEDETAIL(FILEID,TYPE,VLR,DIRECTION,CDRCOUNT,TOTALUSAGE,TOTALAMOUNT,AREAREFERENCE,ORIGINALUPLOAD,ORIGINALDOWNLOAD,ORIGINALDURATION) VALUES(318,0,'886932',128,110,283,1100.7735999999989,4446,0,0,13362)
2015-09-25 11:15:14,546 [ INFO] (TAPFileUpdate.java:765) - Execute insert TapFileDetail :INSERT INTO TAPFILEDETAIL(FILEID,TYPE,VLR,DIRECTION,CDRCOUNT,TOTALUSAGE,TOTALAMOUNT,AREAREFERENCE,ORIGINALUPLOAD,ORIGINALDOWNLOAD,ORIGINALDURATION) VALUES(318,53,'886932',128,247,3449531,345.2681999999998,4446,349057328,2147483647,0)
2015-09-25 11:15:14,555 [ INFO] (TAPFileUpdate.java:765) - Execute insert TapFileDetail :INSERT INTO TAPFILEDETAIL(FILEID,TYPE,VLR,DIRECTION,CDRCOUNT,TOTALUSAGE,TOTALAMOUNT,AREAREFERENCE,ORIGINALUPLOAD,ORIGINALDOWNLOAD,ORIGINALDURATION) VALUES(318,0,'886932',129,155,453,0.0,4446,0,0,21413)
2015-09-25 11:15:14,571 [ INFO] (TAPFileUpdate.java:478) - Processing File CDTWNLDHKGBM01380.1424107243...
2015-09-25 11:15:14,810 [ INFO] (TAPFileUpdate.java:684) - Execute query  TAPFileID:SELECT TAPFILE_ID.NEXTVAL TAPFILE_ID FROM DUAL
2015-09-25 11:15:14,841 [ INFO] (TAPFileUpdate.java:713) - updateTapFile ...
2015-09-25 11:15:14,847 [ INFO] (TAPFileUpdate.java:722) - Execute insert TapFile :INSERT INTO TAPFILE(FILEID,FILENAME,CDRCOUNT,PROCESSTIME) VALUES(319,'CDTWNLDHKGBM01380.1424107243',320, to_date('20150925111500','yyyyMMddhh24miss'))
2015-09-25 11:15:14,861 [ INFO] (TAPFileUpdate.java:740) - updateTAPFileDetail ...
2015-09-25 11:15:14,866 [ INFO] (TAPFileUpdate.java:765) - Execute insert TapFileDetail :INSERT INTO TAPFILEDETAIL(FILEID,TYPE,VLR,DIRECTION,CDRCOUNT,TOTALUSAGE,TOTALAMOUNT,AREAREFERENCE,ORIGINALUPLOAD,ORIGINALDOWNLOAD,ORIGINALDURATION) VALUES(319,3,'886932',128,12,12,9.396,4446,0,0,0)
2015-09-25 11:15:14,875 [ INFO] (TAPFileUpdate.java:765) - Execute insert TapFileDetail :INSERT INTO TAPFILEDETAIL(FILEID,TYPE,VLR,DIRECTION,CDRCOUNT,TOTALUSAGE,TOTALAMOUNT,AREAREFERENCE,ORIGINALUPLOAD,ORIGINALDOWNLOAD,ORIGINALDURATION) VALUES(319,0,'886932',128,56,133,532.4683999999995,4446,0,0,6024)
2015-09-25 11:15:14,883 [ INFO] (TAPFileUpdate.java:765) - Execute insert TapFileDetail :INSERT INTO TAPFILEDETAIL(FILEID,TYPE,VLR,DIRECTION,CDRCOUNT,TOTALUSAGE,TOTALAMOUNT,AREAREFERENCE,ORIGINALUPLOAD,ORIGINALDOWNLOAD,ORIGINALDURATION) VALUES(319,53,'886932',128,178,6327089,613.0714999999984,4446,416854930,2147483647,0)
2015-09-25 11:15:14,891 [ INFO] (TAPFileUpdate.java:765) - Execute insert TapFileDetail :INSERT INTO TAPFILEDETAIL(FILEID,TYPE,VLR,DIRECTION,CDRCOUNT,TOTALUSAGE,TOTALAMOUNT,AREAREFERENCE,ORIGINALUPLOAD,ORIGINALDOWNLOAD,ORIGINALDURATION) VALUES(319,0,'886932',129,74,225,0.0,4446,0,0,10626)
2015-09-25 11:15:14,905 [ INFO] (TAPFileUpdate.java:478) - Processing File CDTWNLDHKGBM01381.4273547380...
2015-09-25 11:15:15,370 [ INFO] (TAPFileUpdate.java:684) - Execute query  TAPFileID:SELECT TAPFILE_ID.NEXTVAL TAPFILE_ID FROM DUAL
2015-09-25 11:15:15,447 [ INFO] (TAPFileUpdate.java:713) - updateTapFile ...
2015-09-25 11:15:15,453 [ INFO] (TAPFileUpdate.java:722) - Execute insert TapFile :INSERT INTO TAPFILE(FILEID,FILENAME,CDRCOUNT,PROCESSTIME) VALUES(320,'CDTWNLDHKGBM01381.4273547380',498, to_date('20150925111500','yyyyMMddhh24miss'))
2015-09-25 11:15:15,467 [ INFO] (TAPFileUpdate.java:740) - updateTAPFileDetail ...
2015-09-25 11:15:15,474 [ INFO] (TAPFileUpdate.java:765) - Execute insert TapFileDetail :INSERT INTO TAPFILEDETAIL(FILEID,TYPE,VLR,DIRECTION,CDRCOUNT,TOTALUSAGE,TOTALAMOUNT,AREAREFERENCE,ORIGINALUPLOAD,ORIGINALDOWNLOAD,ORIGINALDURATION) VALUES(320,3,'886932',128,31,31,24.27300000000001,4446,0,0,0)
2015-09-25 11:15:15,482 [ INFO] (TAPFileUpdate.java:765) - Execute insert TapFileDetail :INSERT INTO TAPFILEDETAIL(FILEID,TYPE,VLR,DIRECTION,CDRCOUNT,TOTALUSAGE,TOTALAMOUNT,AREAREFERENCE,ORIGINALUPLOAD,ORIGINALDOWNLOAD,ORIGINALDURATION) VALUES(320,0,'886932',128,124,459,1824.7676999999994,4446,0,0,23583)
2015-09-25 11:15:15,491 [ INFO] (TAPFileUpdate.java:765) - Execute insert TapFileDetail :INSERT INTO TAPFILEDETAIL(FILEID,TYPE,VLR,DIRECTION,CDRCOUNT,TOTALUSAGE,TOTALAMOUNT,AREAREFERENCE,ORIGINALUPLOAD,ORIGINALDOWNLOAD,ORIGINALDURATION) VALUES(320,53,'886932',128,186,2332170,233.61729999999963,4446,249870881,2138171834,0)
2015-09-25 11:15:15,499 [ INFO] (TAPFileUpdate.java:765) - Execute insert TapFileDetail :INSERT INTO TAPFILEDETAIL(FILEID,TYPE,VLR,DIRECTION,CDRCOUNT,TOTALUSAGE,TOTALAMOUNT,AREAREFERENCE,ORIGINALUPLOAD,ORIGINALDOWNLOAD,ORIGINALDURATION) VALUES(320,0,'886932',129,157,411,0.0,4446,0,0,19398)
2015-09-25 11:15:15,513 [ INFO] (TAPFileUpdate.java:478) - Processing File CDTWNLDHKGBM01382.82457020...
2015-09-25 11:15:16,038 [ INFO] (TAPFileUpdate.java:684) - Execute query  TAPFileID:SELECT TAPFILE_ID.NEXTVAL TAPFILE_ID FROM DUAL
2015-09-25 11:15:16,069 [ INFO] (TAPFileUpdate.java:713) - updateTapFile ...
2015-09-25 11:15:16,075 [ INFO] (TAPFileUpdate.java:722) - Execute insert TapFile :INSERT INTO TAPFILE(FILEID,FILENAME,CDRCOUNT,PROCESSTIME) VALUES(321,'CDTWNLDHKGBM01382.82457020',564, to_date('20150925111500','yyyyMMddhh24miss'))
2015-09-25 11:15:16,089 [ INFO] (TAPFileUpdate.java:740) - updateTAPFileDetail ...
2015-09-25 11:15:16,094 [ INFO] (TAPFileUpdate.java:765) - Execute insert TapFileDetail :INSERT INTO TAPFILEDETAIL(FILEID,TYPE,VLR,DIRECTION,CDRCOUNT,TOTALUSAGE,TOTALAMOUNT,AREAREFERENCE,ORIGINALUPLOAD,ORIGINALDOWNLOAD,ORIGINALDURATION) VALUES(321,3,'886932',128,36,36,28.188000000000017,4446,0,0,0)
2015-09-25 11:15:16,103 [ INFO] (TAPFileUpdate.java:765) - Execute insert TapFileDetail :INSERT INTO TAPFILEDETAIL(FILEID,TYPE,VLR,DIRECTION,CDRCOUNT,TOTALUSAGE,TOTALAMOUNT,AREAREFERENCE,ORIGINALUPLOAD,ORIGINALDOWNLOAD,ORIGINALDURATION) VALUES(321,0,'886932',128,121,385,1512.8850999999986,4446,0,0,19514)
2015-09-25 11:15:16,111 [ INFO] (TAPFileUpdate.java:765) - Execute insert TapFileDetail :INSERT INTO TAPFILEDETAIL(FILEID,TYPE,VLR,DIRECTION,CDRCOUNT,TOTALUSAGE,TOTALAMOUNT,AREAREFERENCE,ORIGINALUPLOAD,ORIGINALDOWNLOAD,ORIGINALDURATION) VALUES(321,53,'886932',128,223,3492177,346.4204000000002,4446,350081874,2147483647,0)
2015-09-25 11:15:16,120 [ INFO] (TAPFileUpdate.java:765) - Execute insert TapFileDetail :INSERT INTO TAPFILEDETAIL(FILEID,TYPE,VLR,DIRECTION,CDRCOUNT,TOTALUSAGE,TOTALAMOUNT,AREAREFERENCE,ORIGINALUPLOAD,ORIGINALDOWNLOAD,ORIGINALDURATION) VALUES(321,0,'886932',129,184,574,0.0,4446,0,0,28021)
2015-09-25 11:15:16,133 [ INFO] (TAPFileUpdate.java:478) - Processing File CDTWNLDHKGBM01383.1235881710...
2015-09-25 11:15:16,432 [ INFO] (TAPFileUpdate.java:684) - Execute query  TAPFileID:SELECT TAPFILE_ID.NEXTVAL TAPFILE_ID FROM DUAL
2015-09-25 11:15:16,463 [ INFO] (TAPFileUpdate.java:713) - updateTapFile ...
2015-09-25 11:15:16,469 [ INFO] (TAPFileUpdate.java:722) - Execute insert TapFile :INSERT INTO TAPFILE(FILEID,FILENAME,CDRCOUNT,PROCESSTIME) VALUES(322,'CDTWNLDHKGBM01383.1235881710',406, to_date('20150925111500','yyyyMMddhh24miss'))
2015-09-25 11:15:16,484 [ INFO] (TAPFileUpdate.java:740) - updateTAPFileDetail ...
2015-09-25 11:15:16,490 [ INFO] (TAPFileUpdate.java:765) - Execute insert TapFileDetail :INSERT INTO TAPFILEDETAIL(FILEID,TYPE,VLR,DIRECTION,CDRCOUNT,TOTALUSAGE,TOTALAMOUNT,AREAREFERENCE,ORIGINALUPLOAD,ORIGINALDOWNLOAD,ORIGINALDURATION) VALUES(322,3,'886932',128,23,23,18.009,4446,0,0,0)
2015-09-25 11:15:16,499 [ INFO] (TAPFileUpdate.java:765) - Execute insert TapFileDetail :INSERT INTO TAPFILEDETAIL(FILEID,TYPE,VLR,DIRECTION,CDRCOUNT,TOTALUSAGE,TOTALAMOUNT,AREAREFERENCE,ORIGINALUPLOAD,ORIGINALDOWNLOAD,ORIGINALDURATION) VALUES(322,0,'886932',128,95,271,1028.7800999999995,4446,0,0,13073)
2015-09-25 11:15:16,508 [ INFO] (TAPFileUpdate.java:765) - Execute insert TapFileDetail :INSERT INTO TAPFILEDETAIL(FILEID,TYPE,VLR,DIRECTION,CDRCOUNT,TOTALUSAGE,TOTALAMOUNT,AREAREFERENCE,ORIGINALUPLOAD,ORIGINALDOWNLOAD,ORIGINALDURATION) VALUES(322,53,'886932',128,193,8254996,799.2522999999984,4446,354167344,2147483647,0)
2015-09-25 11:15:16,517 [ INFO] (TAPFileUpdate.java:765) - Execute insert TapFileDetail :INSERT INTO TAPFILEDETAIL(FILEID,TYPE,VLR,DIRECTION,CDRCOUNT,TOTALUSAGE,TOTALAMOUNT,AREAREFERENCE,ORIGINALUPLOAD,ORIGINALDOWNLOAD,ORIGINALDURATION) VALUES(322,0,'886932',129,95,331,0.0,4446,0,0,16499)
2015-09-25 11:15:16,531 [ INFO] (TAPFileUpdate.java:478) - Processing File CDTWNLDHKGBM01384.81952006...
2015-09-25 11:15:17,006 [ INFO] (TAPFileUpdate.java:684) - Execute query  TAPFileID:SELECT TAPFILE_ID.NEXTVAL TAPFILE_ID FROM DUAL
2015-09-25 11:15:17,037 [ INFO] (TAPFileUpdate.java:713) - updateTapFile ...
2015-09-25 11:15:17,043 [ INFO] (TAPFileUpdate.java:722) - Execute insert TapFile :INSERT INTO TAPFILE(FILEID,FILENAME,CDRCOUNT,PROCESSTIME) VALUES(323,'CDTWNLDHKGBM01384.81952006',523, to_date('20150925111500','yyyyMMddhh24miss'))
2015-09-25 11:15:17,057 [ INFO] (TAPFileUpdate.java:740) - updateTAPFileDetail ...
2015-09-25 11:15:17,062 [ INFO] (TAPFileUpdate.java:765) - Execute insert TapFileDetail :INSERT INTO TAPFILEDETAIL(FILEID,TYPE,VLR,DIRECTION,CDRCOUNT,TOTALUSAGE,TOTALAMOUNT,AREAREFERENCE,ORIGINALUPLOAD,ORIGINALDOWNLOAD,ORIGINALDURATION) VALUES(323,3,'886932',128,28,28,21.924000000000007,4446,0,0,0)
2015-09-25 11:15:17,071 [ INFO] (TAPFileUpdate.java:765) - Execute insert TapFileDetail :INSERT INTO TAPFILEDETAIL(FILEID,TYPE,VLR,DIRECTION,CDRCOUNT,TOTALUSAGE,TOTALAMOUNT,AREAREFERENCE,ORIGINALUPLOAD,ORIGINALDOWNLOAD,ORIGINALDURATION) VALUES(323,0,'886932',128,127,413,1528.7764999999995,4446,0,0,20547)
2015-09-25 11:15:17,080 [ INFO] (TAPFileUpdate.java:765) - Execute insert TapFileDetail :INSERT INTO TAPFILEDETAIL(FILEID,TYPE,VLR,DIRECTION,CDRCOUNT,TOTALUSAGE,TOTALAMOUNT,AREAREFERENCE,ORIGINALUPLOAD,ORIGINALDOWNLOAD,ORIGINALDURATION) VALUES(323,53,'886932',128,203,1677070,172.90729999999982,4446,258129583,1459090986,0)
2015-09-25 11:15:17,088 [ INFO] (TAPFileUpdate.java:765) - Execute insert TapFileDetail :INSERT INTO TAPFILEDETAIL(FILEID,TYPE,VLR,DIRECTION,CDRCOUNT,TOTALUSAGE,TOTALAMOUNT,AREAREFERENCE,ORIGINALUPLOAD,ORIGINALDOWNLOAD,ORIGINALDURATION) VALUES(323,0,'886932',129,165,559,0.0,4446,0,0,27616)
2015-09-25 11:15:17,130 [ INFO] (TAPFileUpdate.java:478) - Processing File CDTWNLDHKGBM01385.2840610919...
2015-09-25 11:15:17,598 [ INFO] (TAPFileUpdate.java:684) - Execute query  TAPFileID:SELECT TAPFILE_ID.NEXTVAL TAPFILE_ID FROM DUAL
2015-09-25 11:15:17,629 [ INFO] (TAPFileUpdate.java:713) - updateTapFile ...
2015-09-25 11:15:17,635 [ INFO] (TAPFileUpdate.java:722) - Execute insert TapFile :INSERT INTO TAPFILE(FILEID,FILENAME,CDRCOUNT,PROCESSTIME) VALUES(324,'CDTWNLDHKGBM01385.2840610919',548, to_date('20150925111500','yyyyMMddhh24miss'))
2015-09-25 11:15:17,648 [ INFO] (TAPFileUpdate.java:740) - updateTAPFileDetail ...
2015-09-25 11:15:17,654 [ INFO] (TAPFileUpdate.java:765) - Execute insert TapFileDetail :INSERT INTO TAPFILEDETAIL(FILEID,TYPE,VLR,DIRECTION,CDRCOUNT,TOTALUSAGE,TOTALAMOUNT,AREAREFERENCE,ORIGINALUPLOAD,ORIGINALDOWNLOAD,ORIGINALDURATION) VALUES(324,3,'886932',128,27,27,21.141000000000005,4446,0,0,0)
2015-09-25 11:15:17,662 [ INFO] (TAPFileUpdate.java:765) - Execute insert TapFileDetail :INSERT INTO TAPFILEDETAIL(FILEID,TYPE,VLR,DIRECTION,CDRCOUNT,TOTALUSAGE,TOTALAMOUNT,AREAREFERENCE,ORIGINALUPLOAD,ORIGINALDOWNLOAD,ORIGINALDURATION) VALUES(324,0,'886932',128,159,525,1921.035199999998,4446,0,0,25830)
2015-09-25 11:15:17,671 [ INFO] (TAPFileUpdate.java:765) - Execute insert TapFileDetail :INSERT INTO TAPFILEDETAIL(FILEID,TYPE,VLR,DIRECTION,CDRCOUNT,TOTALUSAGE,TOTALAMOUNT,AREAREFERENCE,ORIGINALUPLOAD,ORIGINALDOWNLOAD,ORIGINALDURATION) VALUES(324,53,'886932',128,202,2704915,270.8804999999998,4446,571960365,2147483647,0)
2015-09-25 11:15:17,680 [ INFO] (TAPFileUpdate.java:765) - Execute insert TapFileDetail :INSERT INTO TAPFILEDETAIL(FILEID,TYPE,VLR,DIRECTION,CDRCOUNT,TOTALUSAGE,TOTALAMOUNT,AREAREFERENCE,ORIGINALUPLOAD,ORIGINALDOWNLOAD,ORIGINALDURATION) VALUES(324,0,'886932',129,160,432,0.0,4446,0,0,19931)
2015-09-25 11:15:17,713 [ INFO] (TAPFileUpdate.java:478) - Processing File CDTWNLDHKGBM01386.189600195...
2015-09-25 11:15:17,992 [ INFO] (TAPFileUpdate.java:684) - Execute query  TAPFileID:SELECT TAPFILE_ID.NEXTVAL TAPFILE_ID FROM DUAL
2015-09-25 11:15:18,023 [ INFO] (TAPFileUpdate.java:713) - updateTapFile ...
2015-09-25 11:15:18,029 [ INFO] (TAPFileUpdate.java:722) - Execute insert TapFile :INSERT INTO TAPFILE(FILEID,FILENAME,CDRCOUNT,PROCESSTIME) VALUES(325,'CDTWNLDHKGBM01386.189600195',505, to_date('20150925111500','yyyyMMddhh24miss'))
2015-09-25 11:15:18,042 [ INFO] (TAPFileUpdate.java:740) - updateTAPFileDetail ...
2015-09-25 11:15:18,048 [ INFO] (TAPFileUpdate.java:765) - Execute insert TapFileDetail :INSERT INTO TAPFILEDETAIL(FILEID,TYPE,VLR,DIRECTION,CDRCOUNT,TOTALUSAGE,TOTALAMOUNT,AREAREFERENCE,ORIGINALUPLOAD,ORIGINALDOWNLOAD,ORIGINALDURATION) VALUES(325,3,'886932',128,13,13,10.179,4446,0,0,0)
2015-09-25 11:15:18,056 [ INFO] (TAPFileUpdate.java:765) - Execute insert TapFileDetail :INSERT INTO TAPFILEDETAIL(FILEID,TYPE,VLR,DIRECTION,CDRCOUNT,TOTALUSAGE,TOTALAMOUNT,AREAREFERENCE,ORIGINALUPLOAD,ORIGINALDOWNLOAD,ORIGINALDURATION) VALUES(325,0,'886932',128,72,225,888.6156999999994,4446,0,0,10986)
2015-09-25 11:15:18,065 [ INFO] (TAPFileUpdate.java:765) - Execute insert TapFileDetail :INSERT INTO TAPFILEDETAIL(FILEID,TYPE,VLR,DIRECTION,CDRCOUNT,TOTALUSAGE,TOTALAMOUNT,AREAREFERENCE,ORIGINALUPLOAD,ORIGINALDOWNLOAD,ORIGINALDURATION) VALUES(325,53,'886932',128,348,3296362,341.25920000000093,4446,300887153,2147483647,0)
2015-09-25 11:15:18,073 [ INFO] (TAPFileUpdate.java:765) - Execute insert TapFileDetail :INSERT INTO TAPFILEDETAIL(FILEID,TYPE,VLR,DIRECTION,CDRCOUNT,TOTALUSAGE,TOTALAMOUNT,AREAREFERENCE,ORIGINALUPLOAD,ORIGINALDOWNLOAD,ORIGINALDURATION) VALUES(325,0,'886932',129,72,200,0.0,4446,0,0,9380)
2015-09-25 11:15:18,087 [ INFO] (TAPFileUpdate.java:478) - Processing File CDTWNLDHKGBM01387.285802306...
2015-09-25 11:15:18,275 [ INFO] (TAPFileUpdate.java:684) - Execute query  TAPFileID:SELECT TAPFILE_ID.NEXTVAL TAPFILE_ID FROM DUAL
2015-09-25 11:15:18,314 [ INFO] (TAPFileUpdate.java:713) - updateTapFile ...
2015-09-25 11:15:18,319 [ INFO] (TAPFileUpdate.java:722) - Execute insert TapFile :INSERT INTO TAPFILE(FILEID,FILENAME,CDRCOUNT,PROCESSTIME) VALUES(326,'CDTWNLDHKGBM01387.285802306',295, to_date('20150925111500','yyyyMMddhh24miss'))
2015-09-25 11:15:18,333 [ INFO] (TAPFileUpdate.java:740) - updateTAPFileDetail ...
2015-09-25 11:15:18,339 [ INFO] (TAPFileUpdate.java:765) - Execute insert TapFileDetail :INSERT INTO TAPFILEDETAIL(FILEID,TYPE,VLR,DIRECTION,CDRCOUNT,TOTALUSAGE,TOTALAMOUNT,AREAREFERENCE,ORIGINALUPLOAD,ORIGINALDOWNLOAD,ORIGINALDURATION) VALUES(326,3,'886932',128,15,15,11.745,4446,0,0,0)
2015-09-25 11:15:18,347 [ INFO] (TAPFileUpdate.java:765) - Execute insert TapFileDetail :INSERT INTO TAPFILEDETAIL(FILEID,TYPE,VLR,DIRECTION,CDRCOUNT,TOTALUSAGE,TOTALAMOUNT,AREAREFERENCE,ORIGINALUPLOAD,ORIGINALDOWNLOAD,ORIGINALDURATION) VALUES(326,0,'886932',128,46,124,296.26589999999976,4446,0,0,6061)
2015-09-25 11:15:18,356 [ INFO] (TAPFileUpdate.java:765) - Execute insert TapFileDetail :INSERT INTO TAPFILEDETAIL(FILEID,TYPE,VLR,DIRECTION,CDRCOUNT,TOTALUSAGE,TOTALAMOUNT,AREAREFERENCE,ORIGINALUPLOAD,ORIGINALDOWNLOAD,ORIGINALDURATION) VALUES(326,53,'886932',128,181,4257314,417.9555000000004,4446,305960699,2147483647,0)
2015-09-25 11:15:18,364 [ INFO] (TAPFileUpdate.java:765) - Execute insert TapFileDetail :INSERT INTO TAPFILEDETAIL(FILEID,TYPE,VLR,DIRECTION,CDRCOUNT,TOTALUSAGE,TOTALAMOUNT,AREAREFERENCE,ORIGINALUPLOAD,ORIGINALDOWNLOAD,ORIGINALDURATION) VALUES(326,0,'886932',129,53,179,0.0,4446,0,0,8852)
2015-09-25 11:15:18,378 [ INFO] (TAPFileUpdate.java:478) - Processing File CDTWNLDHKGBM01388.1185091968...
2015-09-25 11:15:18,799 [ INFO] (TAPFileUpdate.java:684) - Execute query  TAPFileID:SELECT TAPFILE_ID.NEXTVAL TAPFILE_ID FROM DUAL
2015-09-25 11:15:18,830 [ INFO] (TAPFileUpdate.java:713) - updateTapFile ...
2015-09-25 11:15:18,836 [ INFO] (TAPFileUpdate.java:722) - Execute insert TapFile :INSERT INTO TAPFILE(FILEID,FILENAME,CDRCOUNT,PROCESSTIME) VALUES(327,'CDTWNLDHKGBM01388.1185091968',454, to_date('20150925111500','yyyyMMddhh24miss'))
2015-09-25 11:15:18,849 [ INFO] (TAPFileUpdate.java:740) - updateTAPFileDetail ...
2015-09-25 11:15:18,862 [ INFO] (TAPFileUpdate.java:765) - Execute insert TapFileDetail :INSERT INTO TAPFILEDETAIL(FILEID,TYPE,VLR,DIRECTION,CDRCOUNT,TOTALUSAGE,TOTALAMOUNT,AREAREFERENCE,ORIGINALUPLOAD,ORIGINALDOWNLOAD,ORIGINALDURATION) VALUES(327,3,'886932',128,20,20,15.659999999999997,4446,0,0,0)
2015-09-25 11:15:18,871 [ INFO] (TAPFileUpdate.java:765) - Execute insert TapFileDetail :INSERT INTO TAPFILEDETAIL(FILEID,TYPE,VLR,DIRECTION,CDRCOUNT,TOTALUSAGE,TOTALAMOUNT,AREAREFERENCE,ORIGINALUPLOAD,ORIGINALDOWNLOAD,ORIGINALDURATION) VALUES(327,0,'886932',128,108,449,1768.8029999999985,4446,0,0,23192)
2015-09-25 11:15:18,880 [ INFO] (TAPFileUpdate.java:765) - Execute insert TapFileDetail :INSERT INTO TAPFILEDETAIL(FILEID,TYPE,VLR,DIRECTION,CDRCOUNT,TOTALUSAGE,TOTALAMOUNT,AREAREFERENCE,ORIGINALUPLOAD,ORIGINALDOWNLOAD,ORIGINALDURATION) VALUES(327,53,'886932',128,182,2772281,276.8696999999998,4446,272010875,2147483647,0)
2015-09-25 11:15:18,888 [ INFO] (TAPFileUpdate.java:765) - Execute insert TapFileDetail :INSERT INTO TAPFILEDETAIL(FILEID,TYPE,VLR,DIRECTION,CDRCOUNT,TOTALUSAGE,TOTALAMOUNT,AREAREFERENCE,ORIGINALUPLOAD,ORIGINALDOWNLOAD,ORIGINALDURATION) VALUES(327,0,'886932',129,144,520,0.0,4446,0,0,26135)
2015-09-25 11:15:18,903 [ INFO] (TAPFileUpdate.java:478) - Processing File CDTWNLDHKGBM01389.1397955383...
2015-09-25 11:15:19,484 [ INFO] (TAPFileUpdate.java:684) - Execute query  TAPFileID:SELECT TAPFILE_ID.NEXTVAL TAPFILE_ID FROM DUAL
2015-09-25 11:15:19,516 [ INFO] (TAPFileUpdate.java:713) - updateTapFile ...
2015-09-25 11:15:19,521 [ INFO] (TAPFileUpdate.java:722) - Execute insert TapFile :INSERT INTO TAPFILE(FILEID,FILENAME,CDRCOUNT,PROCESSTIME) VALUES(328,'CDTWNLDHKGBM01389.1397955383',697, to_date('20150925111500','yyyyMMddhh24miss'))
2015-09-25 11:15:19,535 [ INFO] (TAPFileUpdate.java:740) - updateTAPFileDetail ...
2015-09-25 11:15:19,541 [ INFO] (TAPFileUpdate.java:765) - Execute insert TapFileDetail :INSERT INTO TAPFILEDETAIL(FILEID,TYPE,VLR,DIRECTION,CDRCOUNT,TOTALUSAGE,TOTALAMOUNT,AREAREFERENCE,ORIGINALUPLOAD,ORIGINALDOWNLOAD,ORIGINALDURATION) VALUES(328,3,'886932',128,37,37,28.971000000000018,4446,0,0,0)
2015-09-25 11:15:19,550 [ INFO] (TAPFileUpdate.java:765) - Execute insert TapFileDetail :INSERT INTO TAPFILEDETAIL(FILEID,TYPE,VLR,DIRECTION,CDRCOUNT,TOTALUSAGE,TOTALAMOUNT,AREAREFERENCE,ORIGINALUPLOAD,ORIGINALDOWNLOAD,ORIGINALDURATION) VALUES(328,0,'886932',128,148,581,2260.968800000003,4446,0,0,29783)
2015-09-25 11:15:19,558 [ INFO] (TAPFileUpdate.java:765) - Execute insert TapFileDetail :INSERT INTO TAPFILEDETAIL(FILEID,TYPE,VLR,DIRECTION,CDRCOUNT,TOTALUSAGE,TOTALAMOUNT,AREAREFERENCE,ORIGINALUPLOAD,ORIGINALDOWNLOAD,ORIGINALDURATION) VALUES(328,53,'886932',128,322,6918635,680.4559,4446,692160090,2147483647,0)
2015-09-25 11:15:19,566 [ INFO] (TAPFileUpdate.java:765) - Execute insert TapFileDetail :INSERT INTO TAPFILEDETAIL(FILEID,TYPE,VLR,DIRECTION,CDRCOUNT,TOTALUSAGE,TOTALAMOUNT,AREAREFERENCE,ORIGINALUPLOAD,ORIGINALDOWNLOAD,ORIGINALDURATION) VALUES(328,0,'886932',129,190,817,0.0,4446,0,0,42145)
2015-09-25 11:15:19,586 [ INFO] (TAPFileUpdate.java:478) - Processing File CDTWNLDHKGBM01390.1256577671...
2015-09-25 11:15:20,164 [ INFO] (TAPFileUpdate.java:684) - Execute query  TAPFileID:SELECT TAPFILE_ID.NEXTVAL TAPFILE_ID FROM DUAL
2015-09-25 11:15:20,209 [ INFO] (TAPFileUpdate.java:713) - updateTapFile ...
2015-09-25 11:15:20,215 [ INFO] (TAPFileUpdate.java:722) - Execute insert TapFile :INSERT INTO TAPFILE(FILEID,FILENAME,CDRCOUNT,PROCESSTIME) VALUES(329,'CDTWNLDHKGBM01390.1256577671',616, to_date('20150925111500','yyyyMMddhh24miss'))
2015-09-25 11:15:20,229 [ INFO] (TAPFileUpdate.java:740) - updateTAPFileDetail ...
2015-09-25 11:15:20,235 [ INFO] (TAPFileUpdate.java:765) - Execute insert TapFileDetail :INSERT INTO TAPFILEDETAIL(FILEID,TYPE,VLR,DIRECTION,CDRCOUNT,TOTALUSAGE,TOTALAMOUNT,AREAREFERENCE,ORIGINALUPLOAD,ORIGINALDOWNLOAD,ORIGINALDURATION) VALUES(329,3,'886932',128,43,43,33.669000000000025,4446,0,0,0)
2015-09-25 11:15:20,243 [ INFO] (TAPFileUpdate.java:765) - Execute insert TapFileDetail :INSERT INTO TAPFILEDETAIL(FILEID,TYPE,VLR,DIRECTION,CDRCOUNT,TOTALUSAGE,TOTALAMOUNT,AREAREFERENCE,ORIGINALUPLOAD,ORIGINALDOWNLOAD,ORIGINALDURATION) VALUES(329,0,'886932',128,158,424,1553.0965999999978,4446,0,0,19565)
2015-09-25 11:15:20,251 [ INFO] (TAPFileUpdate.java:765) - Execute insert TapFileDetail :INSERT INTO TAPFILEDETAIL(FILEID,TYPE,VLR,DIRECTION,CDRCOUNT,TOTALUSAGE,TOTALAMOUNT,AREAREFERENCE,ORIGINALUPLOAD,ORIGINALDOWNLOAD,ORIGINALDURATION) VALUES(329,53,'886932',128,223,2345566,239.143999999999,4446,190370538,2147483647,0)
2015-09-25 11:15:20,260 [ INFO] (TAPFileUpdate.java:765) - Execute insert TapFileDetail :INSERT INTO TAPFILEDETAIL(FILEID,TYPE,VLR,DIRECTION,CDRCOUNT,TOTALUSAGE,TOTALAMOUNT,AREAREFERENCE,ORIGINALUPLOAD,ORIGINALDOWNLOAD,ORIGINALDURATION) VALUES(329,0,'886932',129,192,443,0.0,4446,0,0,18627)
2015-09-25 11:15:20,279 [ INFO] (TAPFileUpdate.java:348) - Execute update TAPInPartner:UPDATE TAPINPARTNER A SET A.LASTPROCESSFILENO = 5870,A.PROCESSTIME = TO_DATE('20150925111500','yyyyMMddhh24miss') WHERE A.NAME ='HKGPP' 
2015-09-25 11:15:20,287 [ INFO] (TAPFileUpdate.java:348) - Execute update TAPInPartner:UPDATE TAPINPARTNER A SET A.LASTPROCESSFILENO = 5969,A.PROCESSTIME = TO_DATE('20150925111500','yyyyMMddhh24miss') WHERE A.NAME ='CHNCT' 
2015-09-25 11:15:20,296 [ INFO] (TAPFileUpdate.java:348) - Execute update TAPInPartner:UPDATE TAPINPARTNER A SET A.LASTPROCESSFILENO = 2372,A.PROCESSTIME = TO_DATE('20150925111500','yyyyMMddhh24miss') WHERE A.NAME ='MACCT' 
2015-09-25 11:15:20,303 [ INFO] (TAPFileUpdate.java:348) - Execute update TAPInPartner:UPDATE TAPINPARTNER A SET A.LASTPROCESSFILENO = 15156,A.PROCESSTIME = TO_DATE('20150925111500','yyyyMMddhh24miss') WHERE A.NAME ='SGPSH' 
2015-09-25 11:15:20,338 [ INFO] (TAPFileUpdate.java:348) - Execute update TAPInPartner:UPDATE TAPINPARTNER A SET A.LASTPROCESSFILENO = 2804,A.PROCESSTIME = TO_DATE('20150925111500','yyyyMMddhh24miss') WHERE A.NAME ='THAAS' 
2015-09-25 11:15:20,347 [ INFO] (TAPFileUpdate.java:348) - Execute update TAPInPartner:UPDATE TAPINPARTNER A SET A.LASTPROCESSFILENO = 900,A.PROCESSTIME = TO_DATE('20150925111500','yyyyMMddhh24miss') WHERE A.NAME ='THAWN' 
2015-09-25 11:15:20,355 [ INFO] (TAPFileUpdate.java:348) - Execute update TAPInPartner:UPDATE TAPINPARTNER A SET A.LASTPROCESSFILENO = 827,A.PROCESSTIME = TO_DATE('20150925111500','yyyyMMddhh24miss') WHERE A.NAME ='IDNSL' 
2015-09-25 11:15:20,363 [ INFO] (TAPFileUpdate.java:348) - Execute update TAPInPartner:UPDATE TAPINPARTNER A SET A.LASTPROCESSFILENO = 3214,A.PROCESSTIME = TO_DATE('20150925111500','yyyyMMddhh24miss') WHERE A.NAME ='TWNFE' 
2015-09-25 11:15:20,372 [ INFO] (TAPFileUpdate.java:348) - Execute update TAPInPartner:UPDATE TAPINPARTNER A SET A.LASTPROCESSFILENO = 1390,A.PROCESSTIME = TO_DATE('20150925111500','yyyyMMddhh24miss') WHERE A.NAME ='TWNLD' 
2015-09-25 11:15:20,429 [ INFO] (TAPFileUpdate.java:182) - delete temp folder!
2015-09-25 11:15:20,586 [ INFO] (TAPFileUpdate.java:204) - Program end... (run time = 19613)
2015-09-25 11:25:50,132 [ INFO] (TAPFileUpdate.java:61) - One day execute time:null
2015-09-25 11:26:58,757 [ INFO] (TAPFileUpdate.java:63) - One day execute time:010000
